Log file open, 01/09/20 11:30:37
LogWindows: Failed to load 'aqProf.dll' (GetLastError=126)
LogWindows: File 'aqProf.dll' does not exist
LogWindows: Failed to load 'VtuneApi.dll' (GetLastError=126)
LogWindows: File 'VtuneApi.dll' does not exist
LogWindows: Failed to load 'VtuneApi32e.dll' (GetLastError=126)
LogWindows: File 'VtuneApi32e.dll' does not exist
LogConsoleResponse: Display: Failed to find resolution value strings in scalability ini. Falling back to default.
LogInit: Display: Running engine for game: TP_Platformer
LogPlatformFile: Not using cached read wrapper
LogTaskGraph: Started task graph with 5 named threads and 23 total threads with 3 sets of task threads.
LogStats: Stats thread started at 0.099893
LogD3D11RHI: Loaded GFSDK_Aftermath_Lib.x64.dll
LogICUInternationalization: ICU TimeZone Detection - Raw Offset: -8:00, Platform Override: ''
LogPluginManager: Mounting plugin Paper2D
LogPluginManager: Mounting plugin AISupport
LogPluginManager: Mounting plugin LightPropagationVolume
LogPluginManager: Mounting plugin ActorLayerUtilities
LogPluginManager: Mounting plugin AnimationSharing
LogPluginManager: Mounting plugin CLionSourceCodeAccess
LogPluginManager: Mounting plugin CodeLiteSourceCodeAccess
LogPluginManager: Mounting plugin GitSourceControl
LogPluginManager: Mounting plugin KDevelopSourceCodeAccess
LogPluginManager: Mounting plugin NullSourceCodeAccess
LogPluginManager: Mounting plugin PerforceSourceControl
LogPluginManager: Mounting plugin PlasticSourceControl
LogPluginManager: Mounting plugin SubversionSourceControl
LogPluginManager: Mounting plugin UObjectPlugin
LogPluginManager: Mounting plugin VisualStudioCodeSourceCodeAccess
LogPluginManager: Mounting plugin VisualStudioSourceCodeAccess
LogPluginManager: Mounting plugin XCodeSourceCodeAccess
LogPluginManager: Mounting plugin AssetManagerEditor
LogPluginManager: Mounting plugin CryptoKeys
LogPluginManager: Mounting plugin CurveEditorTools
LogPluginManager: Mounting plugin DataValidation
LogPluginManager: Mounting plugin FacialAnimation
LogPluginManager: Mounting plugin GameplayTagsEditor
LogPluginManager: Mounting plugin MacGraphicsSwitching
LogPluginManager: Mounting plugin MaterialAnalyzer
LogPluginManager: Mounting plugin MobileLauncherProfileWizard
LogPluginManager: Mounting plugin PluginBrowser
LogPluginManager: Mounting plugin SpeedTreeImporter
LogPluginManager: Mounting plugin DatasmithContent
LogPluginManager: Mounting plugin VariantManagerContent
LogPluginManager: Mounting plugin AlembicImporter
LogPluginManager: Mounting plugin AutomationUtils
LogPluginManager: Mounting plugin BackChannel
LogPluginManager: Mounting plugin CharacterAI
LogPluginManager: Mounting plugin GeometryCache
LogPluginManager: Mounting plugin PlatformCrypto
LogPluginManager: Mounting plugin ProxyLODPlugin
LogPluginManager: Mounting plugin SkeletalReduction
LogPluginManager: Mounting plugin MagicLeap
LogPluginManager: Mounting plugin MagicLeapMedia
LogPluginManager: Mounting plugin MLSDK
LogPluginManager: Mounting plugin AndroidMedia
LogPluginManager: Mounting plugin AvfMedia
LogPluginManager: Mounting plugin ImgMedia
LogPluginManager: Mounting plugin MediaCompositing
LogPluginManager: Mounting plugin MediaPlayerEditor
LogPluginManager: Mounting plugin WebMMedia
LogPluginManager: Mounting plugin WmfMedia
LogPluginManager: Mounting plugin TcpMessaging
LogPluginManager: Mounting plugin UdpMessaging
LogPluginManager: Mounting plugin ActorSequence
LogPluginManager: Mounting plugin LevelSequenceEditor
LogPluginManager: Mounting plugin MatineeToLevelSequence
LogPluginManager: Mounting plugin NetcodeUnitTest
LogPluginManager: Mounting plugin NUTUnrealEngine4
LogPluginManager: Mounting plugin OnlineSubsystemGooglePlay
LogPluginManager: Mounting plugin OnlineSubsystemIOS
LogPluginManager: Mounting plugin OnlineSubsystem
LogPluginManager: Mounting plugin OnlineSubsystemNull
LogPluginManager: Mounting plugin OnlineSubsystemUtils
LogPluginManager: Mounting plugin LauncherChunkInstaller
LogPluginManager: Mounting plugin AndroidDeviceProfileSelector
LogPluginManager: Mounting plugin AndroidMoviePlayer
LogPluginManager: Mounting plugin AndroidPermission
LogPluginManager: Mounting plugin AppleImageUtils
LogPluginManager: Mounting plugin AppleMoviePlayer
LogPluginManager: Mounting plugin ArchVisCharacter
LogPluginManager: Mounting plugin AssetTags
LogPluginManager: Mounting plugin AudioCapture
LogPluginManager: Mounting plugin CableComponent
LogPluginManager: Mounting plugin CustomMeshComponent
LogPluginManager: Mounting plugin EditableMesh
LogPluginManager: Mounting plugin ExampleDeviceProfileSelector
LogPluginManager: Mounting plugin GoogleCloudMessaging
LogPluginManager: Mounting plugin IOSDeviceProfileSelector
LogPluginManager: Mounting plugin LinuxDeviceProfileSelector
LogPluginManager: Mounting plugin LocationServicesBPLibrary
LogPluginManager: Mounting plugin MobilePatchingUtils
LogPluginManager: Mounting plugin OculusVR
LogPluginManager: Mounting plugin PhysXVehicles
LogPluginManager: Mounting plugin PostSplashScreen
LogPluginManager: Mounting plugin ProceduralMeshComponent
LogPluginManager: Mounting plugin RuntimePhysXCooking
LogPluginManager: Mounting plugin SignificanceManager
LogPluginManager: Mounting plugin SteamVR
LogPluginManager: Mounting plugin WebMMoviePlayer
LogPluginManager: Mounting plugin WindowsMoviePlayer
LogPluginManager: Mounting plugin ScreenshotTools
LogInit: Using libcurl 7.55.1-DEV
LogInit:  - built for x86_64-pc-win32
LogInit:  - supports SSL with OpenSSL/1.1.1
LogInit:  - supports HTTP deflate (compression) using libz 1.2.8
LogInit:  - other features:
LogInit:      CURL_VERSION_SSL
LogInit:      CURL_VERSION_LIBZ
LogInit:      CURL_VERSION_IPV6
LogInit:      CURL_VERSION_ASYNCHDNS
LogInit:      CURL_VERSION_LARGEFILE
LogInit:      CURL_VERSION_IDN
LogInit:  CurlRequestOptions (configurable via config and command line):
LogInit:  - bVerifyPeer = true  - Libcurl will verify peer certificate
LogInit:  - bUseHttpProxy = false  - Libcurl will NOT use HTTP proxy
LogInit:  - bDontReuseConnections = false  - Libcurl will reuse connections
LogInit:  - MaxHostConnections = 16  - Libcurl will limit the number of connections to a host
LogInit:  - LocalHostAddr = Default
LogInit:  - BufferSize = 65536
LogOnline: OSS: Creating online subsystem instance for: NULL
LogInit: WinSock: version 1.1 (2.2), MaxSocks=32767, MaxUdp=65467
LogOnline: OSS: TryLoadSubsystemAndSetDefault: Loaded subsystem for module [NULL]
LogInit: Build: ++UE4+Release-4.24-CL-10757647
LogInit: Engine Version: 4.24.1-10757647+++UE4+Release-4.24
LogInit: Compatible Engine Version: 4.24.0-10570792+++UE4+Release-4.24
LogInit: Net CL: 10570792
LogInit: OS: Windows 10 (Release 1903) (), CPU: Intel(R) Core(TM) i7-8565U CPU @ 1.80GHz, GPU: Intel(R) UHD Graphics 620
LogInit: Compiled (64-bit): Dec 17 2019 02:08:03
LogInit: Compiled with Visual C++: 19.16.27032.01
LogInit: Build Configuration: Development
LogInit: Branch Name: ++UE4+Release-4.24
LogInit: Command Line: 
LogInit: Base Directory: C:/Program Files/Epic Games/UE_4.24/Engine/Binaries/Win64/
LogInit: Installed Engine Build: 1
LogDevObjectVersion: Number of dev versions registered: 25
LogDevObjectVersion:   Dev-Blueprints (B0D832E4-1F89-4F0D-ACCF-7EB736FD4AA2): 10
LogDevObjectVersion:   Dev-Build (E1C64328-A22C-4D53-A36C-8E866417BD8C): 0
LogDevObjectVersion:   Dev-Core (375EC13C-06E4-48FB-B500-84F0262A717E): 3
LogDevObjectVersion:   Dev-Editor (E4B068ED-F494-42E9-A231-DA0B2E46BB41): 37
LogDevObjectVersion:   Dev-Framework (CFFC743F-43B0-4480-9391-14DF171D2073): 36
LogDevObjectVersion:   Dev-Mobile (B02B49B5-BB20-44E9-A304-32B752E40360): 2
LogDevObjectVersion:   Dev-Networking (A4E4105C-59A1-49B5-A7C5-40C4547EDFEE): 0
LogDevObjectVersion:   Dev-Online (39C831C9-5AE6-47DC-9A44-9C173E1C8E7C): 0
LogDevObjectVersion:   Dev-Physics (78F01B33-EBEA-4F98-B9B4-84EACCB95AA2): 2
LogDevObjectVersion:   Dev-Platform (6631380F-2D4D-43E0-8009-CF276956A95A): 0
LogDevObjectVersion:   Dev-Rendering (12F88B9F-8875-4AFC-A67C-D90C383ABD29): 36
LogDevObjectVersion:   Dev-Sequencer (7B5AE74C-D270-4C10-A958-57980B212A5A): 11
LogDevObjectVersion:   Dev-VR (D7296918-1DD6-4BDD-9DE2-64A83CC13884): 2
LogDevObjectVersion:   Dev-LoadTimes (C2A15278-BFE7-4AFE-6C17-90FF531DF755): 1
LogDevObjectVersion:   Private-Geometry (6EACA3D4-40EC-4CC1-B786-8BED09428FC5): 3
LogDevObjectVersion:   Dev-AnimPhys (29E575DD-E0A3-4627-9D10-D276232CDCEA): 17
LogDevObjectVersion:   Dev-Anim (AF43A65D-7FD3-4947-9873-3E8ED9C1BB05): 2
LogDevObjectVersion:   Dev-ReflectionCapture (6B266CEC-1EC7-4B8F-A30B-E4D90942FC07): 1
LogDevObjectVersion:   Dev-Automation (0DF73D61-A23F-47EA-B727-89E90C41499A): 1
LogDevObjectVersion:   FortniteMain (601D1886-AC64-4F84-AA16-D3DE0DEAC7D6): 31
LogDevObjectVersion:   Dev-Enterprise (9DFFBCD6-494F-0158-E221-12823C92A888): 8
LogDevObjectVersion:   Dev-Niagara (F2AED0AC-9AFE-416F-8664-AA7FFA26D6FC): 1
LogDevObjectVersion:   Dev-Destruction (174F1F0B-B4C6-45A5-B13F-2EE8D0FB917D): 9
LogDevObjectVersion:   Dev-Physics-Ext (35F94A83-E258-406C-A318-09F59610247C): 8
LogDevObjectVersion:   Dev-CineCamera (B2E18506-4273-CFC2-A54E-F4BB758BBA07): 1
LogInit: Presizing for max 25165824 objects, including 0 objects not considered by GC, pre-allocating 0 bytes for permanent pool.
LogInit: Object subsystem initialized
LogConfig: Setting CVar [[con.DebugEarlyDefault:1]]
LogConfig: Setting CVar [[r.setres:1280x720]]
[2020.01.09-19.30.37:866][  0]LogConfig: Setting CVar [[r.VSync:0]]
[2020.01.09-19.30.37:866][  0]LogConfig: Setting CVar [[r.RHICmdBypass:0]]
[2020.01.09-19.30.37:866][  0]LogConfig: Applying CVar settings from Section [/Script/Engine.RendererSettings] File [C:/Users/mtgri/Documents/GitHub/UnrealExample/TP_Platformer/Saved/Config/Windows/Engine.ini]
[2020.01.09-19.30.37:866][  0]LogConfig: Setting CVar [[r.GPUCrashDebugging:0]]
[2020.01.09-19.30.37:866][  0]LogConfig: Applying CVar settings from Section [/Script/Engine.RendererOverrideSettings] File [C:/Users/mtgri/Documents/GitHub/UnrealExample/TP_Platformer/Saved/Config/Windows/Engine.ini]
[2020.01.09-19.30.37:866][  0]LogConfig: Applying CVar settings from Section [/Script/Engine.StreamingSettings] File [C:/Users/mtgri/Documents/GitHub/UnrealExample/TP_Platformer/Saved/Config/Windows/Engine.ini]
[2020.01.09-19.30.37:866][  0]LogConfig: Setting CVar [[s.MinBulkDataSizeForAsyncLoading:131072]]
[2020.01.09-19.30.37:866][  0]LogConfig: Setting CVar [[s.AsyncLoadingThreadEnabled:0]]
[2020.01.09-19.30.37:866][  0]LogConfig: Setting CVar [[s.EventDrivenLoaderEnabled:1]]
[2020.01.09-19.30.37:866][  0]LogConfig: Setting CVar [[s.WarnIfTimeLimitExceeded:0]]
[2020.01.09-19.30.37:866][  0]LogConfig: Setting CVar [[s.TimeLimitExceededMultiplier:1.5]]
[2020.01.09-19.30.37:866][  0]LogConfig: Setting CVar [[s.TimeLimitExceededMinTime:0.005]]
[2020.01.09-19.30.37:866][  0]LogConfig: Setting CVar [[s.UseBackgroundLevelStreaming:1]]
[2020.01.09-19.30.37:866][  0]LogConfig: Setting CVar [[s.PriorityAsyncLoadingExtraTime:15.0]]
[2020.01.09-19.30.37:866][  0]LogConfig: Setting CVar [[s.LevelStreamingActorsUpdateTimeLimit:5.0]]
[2020.01.09-19.30.37:866][  0]LogConfig: Setting CVar [[s.PriorityLevelStreamingActorsUpdateExtraTime:5.0]]
[2020.01.09-19.30.37:866][  0]LogConfig: Setting CVar [[s.LevelStreamingComponentsRegistrationGranularity:10]]
[2020.01.09-19.30.37:866][  0]LogConfig: Setting CVar [[s.UnregisterComponentsTimeLimit:1.0]]
[2020.01.09-19.30.37:866][  0]LogConfig: Setting CVar [[s.LevelStreamingComponentsUnregistrationGranularity:5]]
[2020.01.09-19.30.37:866][  0]LogConfig: Setting CVar [[s.FlushStreamingOnExit:1]]
[2020.01.09-19.30.37:866][  0]LogConfig: Applying CVar settings from Section [/Script/Engine.GarbageCollectionSettings] File [C:/Users/mtgri/Documents/GitHub/UnrealExample/TP_Platformer/Saved/Config/Windows/Engine.ini]
[2020.01.09-19.30.37:866][  0]LogConfig: Setting CVar [[gc.MaxObjectsNotConsideredByGC:1]]
[2020.01.09-19.30.37:866][  0]LogConfig: Setting CVar [[gc.SizeOfPermanentObjectPool:0]]
[2020.01.09-19.30.37:866][  0]LogConfig: Setting CVar [[gc.FlushStreamingOnGC:0]]
[2020.01.09-19.30.37:866][  0]LogConfig: Setting CVar [[gc.NumRetriesBeforeForcingGC:10]]
[2020.01.09-19.30.37:866][  0]LogConfig: Setting CVar [[gc.AllowParallelGC:1]]
[2020.01.09-19.30.37:866][  0]LogConfig: Setting CVar [[gc.TimeBetweenPurgingPendingKillObjects:61.1]]
[2020.01.09-19.30.37:866][  0]LogConfig: Setting CVar [[gc.MaxObjectsInEditor:25165824]]
[2020.01.09-19.30.37:866][  0]LogConfig: Setting CVar [[gc.IncrementalBeginDestroyEnabled:1]]
[2020.01.09-19.30.37:866][  0]LogConfig: Setting CVar [[gc.CreateGCClusters:1]]
[2020.01.09-19.30.37:866][  0]LogConfig: Setting CVar [[gc.MinGCClusterSize:5]]
[2020.01.09-19.30.37:866][  0]LogConfig: Setting CVar [[gc.ActorClusteringEnabled:0]]
[2020.01.09-19.30.37:866][  0]LogConfig: Setting CVar [[gc.BlueprintClusteringEnabled:0]]
[2020.01.09-19.30.37:866][  0]LogConfig: Setting CVar [[gc.UseDisregardForGCOnDedicatedServers:0]]
[2020.01.09-19.30.37:866][  0]LogConfig: Applying CVar settings from Section [/Script/Engine.NetworkSettings] File [C:/Users/mtgri/Documents/GitHub/UnrealExample/TP_Platformer/Saved/Config/Windows/Engine.ini]
[2020.01.09-19.30.37:866][  0]LogConfig: Applying CVar settings from Section [/Script/UnrealEd.CookerSettings] File [C:/Users/mtgri/Documents/GitHub/UnrealExample/TP_Platformer/Saved/Config/Windows/Engine.ini]
[2020.01.09-19.30.37:879][  0]LogConfig: Applying CVar settings from Section [ViewDistanceQuality@3] File [C:/Users/mtgri/Documents/GitHub/UnrealExample/TP_Platformer/Saved/Config/Windows/Scalability.ini]
[2020.01.09-19.30.37:879][  0]LogConfig: Setting CVar [[r.SkeletalMeshLODBias:0]]
[2020.01.09-19.30.37:879][  0]LogConfig: Setting CVar [[r.ViewDistanceScale:1.0]]
[2020.01.09-19.30.37:879][  0]LogConfig: Applying CVar settings from Section [AntiAliasingQuality@3] File [C:/Users/mtgri/Documents/GitHub/UnrealExample/TP_Platformer/Saved/Config/Windows/Scalability.ini]
[2020.01.09-19.30.37:879][  0]LogConfig: Setting CVar [[r.PostProcessAAQuality:4]]
[2020.01.09-19.30.37:879][  0]LogConfig: Applying CVar settings from Section [ShadowQuality@3] File [C:/Users/mtgri/Documents/GitHub/UnrealExample/TP_Platformer/Saved/Config/Windows/Scalability.ini]
[2020.01.09-19.30.37:879][  0]LogConfig: Setting CVar [[r.LightFunctionQuality:1]]
[2020.01.09-19.30.37:879][  0]LogConfig: Setting CVar [[r.ShadowQuality:5]]
[2020.01.09-19.30.37:879][  0]LogConfig: Setting CVar [[r.Shadow.CSM.MaxCascades:10]]
[2020.01.09-19.30.37:879][  0]LogConfig: Setting CVar [[r.Shadow.MaxResolution:2048]]
[2020.01.09-19.30.37:880][  0]LogConfig: Setting CVar [[r.Shadow.MaxCSMResolution:2048]]
[2020.01.09-19.30.37:880][  0]LogConfig: Setting CVar [[r.Shadow.RadiusThreshold:0.01]]
[2020.01.09-19.30.37:880][  0]LogConfig: Setting CVar [[r.Shadow.DistanceScale:1.0]]
[2020.01.09-19.30.37:880][  0]LogConfig: Setting CVar [[r.Shadow.CSM.TransitionScale:1.0]]
[2020.01.09-19.30.37:880][  0]LogConfig: Setting CVar [[r.Shadow.PreShadowResolutionFactor:1.0]]
[2020.01.09-19.30.37:880][  0]LogConfig: Setting CVar [[r.DistanceFieldShadowing:1]]
[2020.01.09-19.30.37:880][  0]LogConfig: Setting CVar [[r.DistanceFieldAO:1]]
[2020.01.09-19.30.37:880][  0]LogConfig: Setting CVar [[r.AOQuality:2]]
[2020.01.09-19.30.37:880][  0]LogConfig: Setting CVar [[r.VolumetricFog:1]]
[2020.01.09-19.30.37:880][  0]LogConfig: Setting CVar [[r.VolumetricFog.GridPixelSize:8]]
[2020.01.09-19.30.37:880][  0]LogConfig: Setting CVar [[r.VolumetricFog.GridSizeZ:128]]
[2020.01.09-19.30.37:880][  0]LogConfig: Setting CVar [[r.VolumetricFog.HistoryMissSupersampleCount:4]]
[2020.01.09-19.30.37:880][  0]LogConfig: Setting CVar [[r.LightMaxDrawDistanceScale:1]]
[2020.01.09-19.30.37:880][  0]LogConfig: Setting CVar [[r.CapsuleShadows:1]]
[2020.01.09-19.30.37:880][  0]LogConfig: Applying CVar settings from Section [PostProcessQuality@3] File [C:/Users/mtgri/Documents/GitHub/UnrealExample/TP_Platformer/Saved/Config/Windows/Scalability.ini]
[2020.01.09-19.30.37:880][  0]LogConfig: Setting CVar [[r.MotionBlurQuality:4]]
[2020.01.09-19.30.37:880][  0]LogConfig: Setting CVar [[r.AmbientOcclusionMipLevelFactor:0.4]]
[2020.01.09-19.30.37:880][  0]LogConfig: Setting CVar [[r.AmbientOcclusionMaxQuality:100]]
[2020.01.09-19.30.37:880][  0]LogConfig: Setting CVar [[r.AmbientOcclusionLevels:-1]]
[2020.01.09-19.30.37:880][  0]LogConfig: Setting CVar [[r.AmbientOcclusionRadiusScale:1.0]]
[2020.01.09-19.30.37:880][  0]LogConfig: Setting CVar [[r.DepthOfFieldQuality:2]]
[2020.01.09-19.30.37:880][  0]LogConfig: Setting CVar [[r.RenderTargetPoolMin:400]]
[2020.01.09-19.30.37:880][  0]LogConfig: Setting CVar [[r.LensFlareQuality:2]]
[2020.01.09-19.30.37:880][  0]LogConfig: Setting CVar [[r.SceneColorFringeQuality:1]]
[2020.01.09-19.30.37:880][  0]LogConfig: Setting CVar [[r.EyeAdaptationQuality:2]]
[2020.01.09-19.30.37:880][  0]LogConfig: Setting CVar [[r.BloomQuality:5]]
[2020.01.09-19.30.37:880][  0]LogConfig: Setting CVar [[r.FastBlurThreshold:100]]
[2020.01.09-19.30.37:880][  0]LogConfig: Setting CVar [[r.Upscale.Quality:3]]
[2020.01.09-19.30.37:880][  0]LogConfig: Setting CVar [[r.Tonemapper.GrainQuantization:1]]
[2020.01.09-19.30.37:880][  0]LogConfig: Setting CVar [[r.LightShaftQuality:1]]
[2020.01.09-19.30.37:880][  0]LogConfig: Setting CVar [[r.Filter.SizeScale:1]]
[2020.01.09-19.30.37:880][  0]LogConfig: Setting CVar [[r.Tonemapper.Quality:5]]
[2020.01.09-19.30.37:880][  0]LogConfig: Setting CVar [[r.DOF.Gather.AccumulatorQuality:1        ; higher gathering accumulator quality]]
[2020.01.09-19.30.37:880][  0]LogConfig: Setting CVar [[r.DOF.Gather.PostfilterMethod:1          ; Median3x3 postfilering method]]
[2020.01.09-19.30.37:881][  0]LogConfig: Setting CVar [[r.DOF.Gather.EnableBokehSettings:0       ; no bokeh simulation when gathering]]
[2020.01.09-19.30.37:881][  0]LogConfig: Setting CVar [[r.DOF.Gather.RingCount:4                 ; medium number of samples when gathering]]
[2020.01.09-19.30.37:881][  0]LogConfig: Setting CVar [[r.DOF.Scatter.ForegroundCompositing:1    ; additive foreground scattering]]
[2020.01.09-19.30.37:881][  0]LogConfig: Setting CVar [[r.DOF.Scatter.BackgroundCompositing:2    ; additive background scattering]]
[2020.01.09-19.30.37:881][  0]LogConfig: Setting CVar [[r.DOF.Scatter.EnableBokehSettings:1      ; bokeh simulation when scattering]]
[2020.01.09-19.30.37:881][  0]LogConfig: Setting CVar [[r.DOF.Scatter.MaxSpriteRatio:0.1         ; only a maximum of 10% of scattered bokeh]]
[2020.01.09-19.30.37:881][  0]LogConfig: Setting CVar [[r.DOF.Recombine.Quality:1                ; cheap slight out of focus]]
[2020.01.09-19.30.37:881][  0]LogConfig: Setting CVar [[r.DOF.Recombine.EnableBokehSettings:0    ; no bokeh simulation on slight out of focus]]
[2020.01.09-19.30.37:881][  0]LogConfig: Setting CVar [[r.DOF.TemporalAAQuality:1                ; more stable temporal accumulation]]
[2020.01.09-19.30.37:881][  0]LogConfig: Setting CVar [[r.DOF.Kernel.MaxForegroundRadius:0.025]]
[2020.01.09-19.30.37:881][  0]LogConfig: Setting CVar [[r.DOF.Kernel.MaxBackgroundRadius:0.025]]
[2020.01.09-19.30.37:881][  0]LogConfig: Applying CVar settings from Section [TextureQuality@3] File [C:/Users/mtgri/Documents/GitHub/UnrealExample/TP_Platformer/Saved/Config/Windows/Scalability.ini]
[2020.01.09-19.30.37:881][  0]LogConfig: Setting CVar [[r.Streaming.MipBias:0]]
[2020.01.09-19.30.37:881][  0]LogConfig: Setting CVar [[r.Streaming.AmortizeCPUToGPUCopy:0]]
[2020.01.09-19.30.37:881][  0]LogConfig: Setting CVar [[r.Streaming.MaxNumTexturesToStreamPerFrame:0]]
[2020.01.09-19.30.37:881][  0]LogConfig: Setting CVar [[r.Streaming.Boost:1]]
[2020.01.09-19.30.37:881][  0]LogConfig: Setting CVar [[r.MaxAnisotropy:8]]
[2020.01.09-19.30.37:881][  0]LogConfig: Setting CVar [[r.VT.MaxAnisotropy:8]]
[2020.01.09-19.30.37:881][  0]LogConfig: Setting CVar [[r.Streaming.LimitPoolSizeToVRAM:0]]
[2020.01.09-19.30.37:881][  0]LogConfig: Setting CVar [[r.Streaming.PoolSize:1000]]
[2020.01.09-19.30.37:881][  0]LogConfig: Setting CVar [[r.Streaming.MaxEffectiveScreenSize:0]]
[2020.01.09-19.30.37:881][  0]LogConfig: Applying CVar settings from Section [EffectsQuality@3] File [C:/Users/mtgri/Documents/GitHub/UnrealExample/TP_Platformer/Saved/Config/Windows/Scalability.ini]
[2020.01.09-19.30.37:881][  0]LogConfig: Setting CVar [[r.TranslucencyLightingVolumeDim:64]]
[2020.01.09-19.30.37:881][  0]LogConfig: Setting CVar [[r.RefractionQuality:2]]
[2020.01.09-19.30.37:881][  0]LogConfig: Setting CVar [[r.SSR.Quality:3]]
[2020.01.09-19.30.37:881][  0]LogConfig: Setting CVar [[r.SSR.HalfResSceneColor:0]]
[2020.01.09-19.30.37:881][  0]LogConfig: Setting CVar [[r.SceneColorFormat:4]]
[2020.01.09-19.30.37:881][  0]LogConfig: Setting CVar [[r.DetailMode:2]]
[2020.01.09-19.30.37:881][  0]LogConfig: Setting CVar [[r.TranslucencyVolumeBlur:1]]
[2020.01.09-19.30.37:881][  0]LogConfig: Setting CVar [[r.MaterialQualityLevel:1 ; High quality]]
[2020.01.09-19.30.37:881][  0]LogConfig: Setting CVar [[r.SSS.Scale:1]]
[2020.01.09-19.30.37:881][  0]LogConfig: Setting CVar [[r.SSS.SampleSet:2]]
[2020.01.09-19.30.37:881][  0]LogConfig: Setting CVar [[r.SSS.Quality:1]]
[2020.01.09-19.30.37:881][  0]LogConfig: Setting CVar [[r.SSS.HalfRes:1]]
[2020.01.09-19.30.37:881][  0]LogConfig: Setting CVar [[r.SSGI.Quality:3]]
[2020.01.09-19.30.37:882][  0]LogConfig: Setting CVar [[r.EmitterSpawnRateScale:1.0]]
[2020.01.09-19.30.37:882][  0]LogConfig: Setting CVar [[r.ParticleLightQuality:2]]
[2020.01.09-19.30.37:882][  0]LogConfig: Setting CVar [[r.SkyAtmosphere.AerialPerspectiveLUT.FastApplyOnOpaque:1 ; Always have FastSkyLUT 1 in this case to avoid wrong sky]]
[2020.01.09-19.30.37:882][  0]LogConfig: Setting CVar [[r.SkyAtmosphere.AerialPerspectiveLUT.SampleCountPerSlice:1]]
[2020.01.09-19.30.37:882][  0]LogConfig: Setting CVar [[r.SkyAtmosphere.AerialPerspectiveLUT.DepthResolution:16.0]]
[2020.01.09-19.30.37:882][  0]LogConfig: Setting CVar [[r.SkyAtmosphere.FastSkyLUT:1]]
[2020.01.09-19.30.37:882][  0]LogConfig: Setting CVar [[r.SkyAtmosphere.FastSkyLUT.SampleCountMin:4.0]]
[2020.01.09-19.30.37:882][  0]LogConfig: Setting CVar [[r.SkyAtmosphere.FastSkyLUT.SampleCountMax:32.0]]
[2020.01.09-19.30.37:882][  0]LogConfig: Setting CVar [[r.SkyAtmosphere.SampleCountMin:4.0]]
[2020.01.09-19.30.37:882][  0]LogConfig: Setting CVar [[r.SkyAtmosphere.SampleCountMax:32.0]]
[2020.01.09-19.30.37:882][  0]LogConfig: Setting CVar [[r.SkyAtmosphere.TransmittanceLUT.UseSmallFormat:0]]
[2020.01.09-19.30.37:882][  0]LogConfig: Setting CVar [[r.SkyAtmosphere.TransmittanceLUT.SampleCount:10.0]]
[2020.01.09-19.30.37:882][  0]LogConfig: Setting CVar [[r.SkyAtmosphere.MultiScatteringLUT.SampleCount:15.0]]
[2020.01.09-19.30.37:882][  0]LogConfig: Applying CVar settings from Section [FoliageQuality@3] File [C:/Users/mtgri/Documents/GitHub/UnrealExample/TP_Platformer/Saved/Config/Windows/Scalability.ini]
[2020.01.09-19.30.37:882][  0]LogConfig: Setting CVar [[foliage.DensityScale:1.0]]
[2020.01.09-19.30.37:882][  0]LogConfig: Setting CVar [[grass.DensityScale:1.0]]
[2020.01.09-19.30.37:882][  0]LogConfig: Applying CVar settings from Section [ShadingQuality@3] File [C:/Users/mtgri/Documents/GitHub/UnrealExample/TP_Platformer/Saved/Config/Windows/Scalability.ini]
[2020.01.09-19.30.37:882][  0]LogConfig: Setting CVar [[r.HairStrands.SkyLighting.SampleCount:16]]
[2020.01.09-19.30.37:882][  0]LogConfig: Setting CVar [[r.HairStrands.SkyLighting.JitterIntegration:0]]
[2020.01.09-19.30.37:882][  0]LogConfig: Setting CVar [[r.HairStrands.SkyAO.SampleCount:16]]
[2020.01.09-19.30.37:882][  0]LogInit: Selected Device Profile: [Windows]
[2020.01.09-19.30.37:882][  0]LogInit: Applying CVar settings loaded from the selected device profile: [Windows]
[2020.01.09-19.30.37:888][  0]LogHAL: Display: Platform has ~ 16 GB [16985206784 / 17179869184 / 16], which maps to Larger [LargestMinGB=32, LargerMinGB=12, DefaultMinGB=8, SmallerMinGB=6, SmallestMinGB=0)
[2020.01.09-19.30.37:888][  0]LogInit: Going up to parent DeviceProfile []
[2020.01.09-19.30.37:888][  0]LogConfig: Applying CVar settings from Section [ViewDistanceQuality@3] File [C:/Users/mtgri/Documents/GitHub/UnrealExample/TP_Platformer/Saved/Config/Windows/Scalability.ini]
[2020.01.09-19.30.37:888][  0]LogConfig: Setting CVar [[r.SkeletalMeshLODBias:0]]
[2020.01.09-19.30.37:888][  0]LogConfig: Setting CVar [[r.ViewDistanceScale:1.0]]
[2020.01.09-19.30.37:888][  0]LogConfig: Applying CVar settings from Section [AntiAliasingQuality@3] File [C:/Users/mtgri/Documents/GitHub/UnrealExample/TP_Platformer/Saved/Config/Windows/Scalability.ini]
[2020.01.09-19.30.37:888][  0]LogConfig: Setting CVar [[r.PostProcessAAQuality:4]]
[2020.01.09-19.30.37:888][  0]LogConfig: Applying CVar settings from Section [ShadowQuality@3] File [C:/Users/mtgri/Documents/GitHub/UnrealExample/TP_Platformer/Saved/Config/Windows/Scalability.ini]
[2020.01.09-19.30.37:888][  0]LogConfig: Setting CVar [[r.LightFunctionQuality:1]]
[2020.01.09-19.30.37:888][  0]LogConfig: Setting CVar [[r.ShadowQuality:5]]
[2020.01.09-19.30.37:888][  0]LogConfig: Setting CVar [[r.Shadow.CSM.MaxCascades:10]]
[2020.01.09-19.30.37:888][  0]LogConfig: Setting CVar [[r.Shadow.MaxResolution:2048]]
[2020.01.09-19.30.37:888][  0]LogConfig: Setting CVar [[r.Shadow.MaxCSMResolution:2048]]
[2020.01.09-19.30.37:888][  0]LogConfig: Setting CVar [[r.Shadow.RadiusThreshold:0.01]]
[2020.01.09-19.30.37:888][  0]LogConfig: Setting CVar [[r.Shadow.DistanceScale:1.0]]
[2020.01.09-19.30.37:888][  0]LogConfig: Setting CVar [[r.Shadow.CSM.TransitionScale:1.0]]
[2020.01.09-19.30.37:888][  0]LogConfig: Setting CVar [[r.Shadow.PreShadowResolutionFactor:1.0]]
[2020.01.09-19.30.37:888][  0]LogConfig: Setting CVar [[r.DistanceFieldShadowing:1]]
[2020.01.09-19.30.37:888][  0]LogConfig: Setting CVar [[r.DistanceFieldAO:1]]
[2020.01.09-19.30.37:888][  0]LogConfig: Setting CVar [[r.AOQuality:2]]
[2020.01.09-19.30.37:888][  0]LogConfig: Setting CVar [[r.VolumetricFog:1]]
[2020.01.09-19.30.37:888][  0]LogConfig: Setting CVar [[r.VolumetricFog.GridPixelSize:8]]
[2020.01.09-19.30.37:888][  0]LogConfig: Setting CVar [[r.VolumetricFog.GridSizeZ:128]]
[2020.01.09-19.30.37:888][  0]LogConfig: Setting CVar [[r.VolumetricFog.HistoryMissSupersampleCount:4]]
[2020.01.09-19.30.37:889][  0]LogConfig: Setting CVar [[r.LightMaxDrawDistanceScale:1]]
[2020.01.09-19.30.37:889][  0]LogConfig: Setting CVar [[r.CapsuleShadows:1]]
[2020.01.09-19.30.37:889][  0]LogConfig: Applying CVar settings from Section [PostProcessQuality@3] File [C:/Users/mtgri/Documents/GitHub/UnrealExample/TP_Platformer/Saved/Config/Windows/Scalability.ini]
[2020.01.09-19.30.37:889][  0]LogConfig: Setting CVar [[r.MotionBlurQuality:4]]
[2020.01.09-19.30.37:889][  0]LogConfig: Setting CVar [[r.AmbientOcclusionMipLevelFactor:0.4]]
[2020.01.09-19.30.37:889][  0]LogConfig: Setting CVar [[r.AmbientOcclusionMaxQuality:100]]
[2020.01.09-19.30.37:889][  0]LogConfig: Setting CVar [[r.AmbientOcclusionLevels:-1]]
[2020.01.09-19.30.37:889][  0]LogConfig: Setting CVar [[r.AmbientOcclusionRadiusScale:1.0]]
[2020.01.09-19.30.37:889][  0]LogConfig: Setting CVar [[r.DepthOfFieldQuality:2]]
[2020.01.09-19.30.37:889][  0]LogConfig: Setting CVar [[r.RenderTargetPoolMin:400]]
[2020.01.09-19.30.37:889][  0]LogConfig: Setting CVar [[r.LensFlareQuality:2]]
[2020.01.09-19.30.37:889][  0]LogConfig: Setting CVar [[r.SceneColorFringeQuality:1]]
[2020.01.09-19.30.37:889][  0]LogConfig: Setting CVar [[r.EyeAdaptationQuality:2]]
[2020.01.09-19.30.37:889][  0]LogConfig: Setting CVar [[r.BloomQuality:5]]
[2020.01.09-19.30.37:889][  0]LogConfig: Setting CVar [[r.FastBlurThreshold:100]]
[2020.01.09-19.30.37:889][  0]LogConfig: Setting CVar [[r.Upscale.Quality:3]]
[2020.01.09-19.30.37:889][  0]LogConfig: Setting CVar [[r.Tonemapper.GrainQuantization:1]]
[2020.01.09-19.30.37:889][  0]LogConfig: Setting CVar [[r.LightShaftQuality:1]]
[2020.01.09-19.30.37:889][  0]LogConfig: Setting CVar [[r.Filter.SizeScale:1]]
[2020.01.09-19.30.37:889][  0]LogConfig: Setting CVar [[r.Tonemapper.Quality:5]]
[2020.01.09-19.30.37:889][  0]LogConfig: Setting CVar [[r.DOF.Gather.AccumulatorQuality:1        ; higher gathering accumulator quality]]
[2020.01.09-19.30.37:889][  0]LogConfig: Setting CVar [[r.DOF.Gather.PostfilterMethod:1          ; Median3x3 postfilering method]]
[2020.01.09-19.30.37:889][  0]LogConfig: Setting CVar [[r.DOF.Gather.EnableBokehSettings:0       ; no bokeh simulation when gathering]]
[2020.01.09-19.30.37:889][  0]LogConfig: Setting CVar [[r.DOF.Gather.RingCount:4                 ; medium number of samples when gathering]]
[2020.01.09-19.30.37:889][  0]LogConfig: Setting CVar [[r.DOF.Scatter.ForegroundCompositing:1    ; additive foreground scattering]]
[2020.01.09-19.30.37:889][  0]LogConfig: Setting CVar [[r.DOF.Scatter.BackgroundCompositing:2    ; additive background scattering]]
[2020.01.09-19.30.37:889][  0]LogConfig: Setting CVar [[r.DOF.Scatter.EnableBokehSettings:1      ; bokeh simulation when scattering]]
[2020.01.09-19.30.37:889][  0]LogConfig: Setting CVar [[r.DOF.Scatter.MaxSpriteRatio:0.1         ; only a maximum of 10% of scattered bokeh]]
[2020.01.09-19.30.37:889][  0]LogConfig: Setting CVar [[r.DOF.Recombine.Quality:1                ; cheap slight out of focus]]
[2020.01.09-19.30.37:889][  0]LogConfig: Setting CVar [[r.DOF.Recombine.EnableBokehSettings:0    ; no bokeh simulation on slight out of focus]]
[2020.01.09-19.30.37:889][  0]LogConfig: Setting CVar [[r.DOF.TemporalAAQuality:1                ; more stable temporal accumulation]]
[2020.01.09-19.30.37:889][  0]LogConfig: Setting CVar [[r.DOF.Kernel.MaxForegroundRadius:0.025]]
[2020.01.09-19.30.37:889][  0]LogConfig: Setting CVar [[r.DOF.Kernel.MaxBackgroundRadius:0.025]]
[2020.01.09-19.30.37:889][  0]LogConfig: Applying CVar settings from Section [TextureQuality@3] File [C:/Users/mtgri/Documents/GitHub/UnrealExample/TP_Platformer/Saved/Config/Windows/Scalability.ini]
[2020.01.09-19.30.37:889][  0]LogConfig: Setting CVar [[r.Streaming.MipBias:0]]
[2020.01.09-19.30.37:889][  0]LogConfig: Setting CVar [[r.Streaming.AmortizeCPUToGPUCopy:0]]
[2020.01.09-19.30.37:889][  0]LogConfig: Setting CVar [[r.Streaming.MaxNumTexturesToStreamPerFrame:0]]
[2020.01.09-19.30.37:889][  0]LogConfig: Setting CVar [[r.Streaming.Boost:1]]
[2020.01.09-19.30.37:889][  0]LogConfig: Setting CVar [[r.MaxAnisotropy:8]]
[2020.01.09-19.30.37:889][  0]LogConfig: Setting CVar [[r.VT.MaxAnisotropy:8]]
[2020.01.09-19.30.37:889][  0]LogConfig: Setting CVar [[r.Streaming.LimitPoolSizeToVRAM:0]]
[2020.01.09-19.30.37:889][  0]LogConfig: Setting CVar [[r.Streaming.PoolSize:1000]]
[2020.01.09-19.30.37:889][  0]LogConfig: Setting CVar [[r.Streaming.MaxEffectiveScreenSize:0]]
[2020.01.09-19.30.37:890][  0]LogConfig: Applying CVar settings from Section [EffectsQuality@3] File [C:/Users/mtgri/Documents/GitHub/UnrealExample/TP_Platformer/Saved/Config/Windows/Scalability.ini]
[2020.01.09-19.30.37:890][  0]LogConfig: Setting CVar [[r.TranslucencyLightingVolumeDim:64]]
[2020.01.09-19.30.37:890][  0]LogConfig: Setting CVar [[r.RefractionQuality:2]]
[2020.01.09-19.30.37:890][  0]LogConfig: Setting CVar [[r.SSR.Quality:3]]
[2020.01.09-19.30.37:890][  0]LogConfig: Setting CVar [[r.SSR.HalfResSceneColor:0]]
[2020.01.09-19.30.37:890][  0]LogConfig: Setting CVar [[r.SceneColorFormat:4]]
[2020.01.09-19.30.37:890][  0]LogConfig: Setting CVar [[r.DetailMode:2]]
[2020.01.09-19.30.37:890][  0]LogConfig: Setting CVar [[r.TranslucencyVolumeBlur:1]]
[2020.01.09-19.30.37:890][  0]LogConfig: Setting CVar [[r.MaterialQualityLevel:1 ; High quality]]
[2020.01.09-19.30.37:890][  0]LogConfig: Setting CVar [[r.SSS.Scale:1]]
[2020.01.09-19.30.37:890][  0]LogConfig: Setting CVar [[r.SSS.SampleSet:2]]
[2020.01.09-19.30.37:890][  0]LogConfig: Setting CVar [[r.SSS.Quality:1]]
[2020.01.09-19.30.37:890][  0]LogConfig: Setting CVar [[r.SSS.HalfRes:1]]
[2020.01.09-19.30.37:890][  0]LogConfig: Setting CVar [[r.SSGI.Quality:3]]
[2020.01.09-19.30.37:890][  0]LogConfig: Setting CVar [[r.EmitterSpawnRateScale:1.0]]
[2020.01.09-19.30.37:890][  0]LogConfig: Setting CVar [[r.ParticleLightQuality:2]]
[2020.01.09-19.30.37:890][  0]LogConfig: Setting CVar [[r.SkyAtmosphere.AerialPerspectiveLUT.FastApplyOnOpaque:1 ; Always have FastSkyLUT 1 in this case to avoid wrong sky]]
[2020.01.09-19.30.37:890][  0]LogConfig: Setting CVar [[r.SkyAtmosphere.AerialPerspectiveLUT.SampleCountPerSlice:1]]
[2020.01.09-19.30.37:890][  0]LogConfig: Setting CVar [[r.SkyAtmosphere.AerialPerspectiveLUT.DepthResolution:16.0]]
[2020.01.09-19.30.37:890][  0]LogConfig: Setting CVar [[r.SkyAtmosphere.FastSkyLUT:1]]
[2020.01.09-19.30.37:890][  0]LogConfig: Setting CVar [[r.SkyAtmosphere.FastSkyLUT.SampleCountMin:4.0]]
[2020.01.09-19.30.37:890][  0]LogConfig: Setting CVar [[r.SkyAtmosphere.FastSkyLUT.SampleCountMax:32.0]]
[2020.01.09-19.30.37:890][  0]LogConfig: Setting CVar [[r.SkyAtmosphere.SampleCountMin:4.0]]
[2020.01.09-19.30.37:890][  0]LogConfig: Setting CVar [[r.SkyAtmosphere.SampleCountMax:32.0]]
[2020.01.09-19.30.37:890][  0]LogConfig: Setting CVar [[r.SkyAtmosphere.TransmittanceLUT.UseSmallFormat:0]]
[2020.01.09-19.30.37:890][  0]LogConfig: Setting CVar [[r.SkyAtmosphere.TransmittanceLUT.SampleCount:10.0]]
[2020.01.09-19.30.37:890][  0]LogConfig: Setting CVar [[r.SkyAtmosphere.MultiScatteringLUT.SampleCount:15.0]]
[2020.01.09-19.30.37:890][  0]LogConfig: Applying CVar settings from Section [FoliageQuality@3] File [C:/Users/mtgri/Documents/GitHub/UnrealExample/TP_Platformer/Saved/Config/Windows/Scalability.ini]
[2020.01.09-19.30.37:890][  0]LogConfig: Setting CVar [[foliage.DensityScale:1.0]]
[2020.01.09-19.30.37:890][  0]LogConfig: Setting CVar [[grass.DensityScale:1.0]]
[2020.01.09-19.30.37:890][  0]LogConfig: Applying CVar settings from Section [ShadingQuality@3] File [C:/Users/mtgri/Documents/GitHub/UnrealExample/TP_Platformer/Saved/Config/Windows/Scalability.ini]
[2020.01.09-19.30.37:890][  0]LogConfig: Setting CVar [[r.HairStrands.SkyLighting.SampleCount:16]]
[2020.01.09-19.30.37:890][  0]LogConfig: Setting CVar [[r.HairStrands.SkyLighting.JitterIntegration:0]]
[2020.01.09-19.30.37:890][  0]LogConfig: Setting CVar [[r.HairStrands.SkyAO.SampleCount:16]]
[2020.01.09-19.30.37:890][  0]LogConfig: Applying CVar settings from Section [Startup] File [../../../Engine/Config/ConsoleVariables.ini]
[2020.01.09-19.30.37:891][  0]LogConfig: Setting CVar [[net.UseAdaptiveNetUpdateFrequency:0]]
[2020.01.09-19.30.37:891][  0]LogConfig: Setting CVar [[p.chaos.AllowCreatePhysxBodies:1]]
[2020.01.09-19.30.37:891][  0]LogConfig: Applying CVar settings from Section [ConsoleVariables] File [C:/Users/mtgri/Documents/GitHub/UnrealExample/TP_Platformer/Saved/Config/Windows/Engine.ini]
[2020.01.09-19.30.37:891][  0]LogInit: Computer: MARK-ZENBOOK
[2020.01.09-19.30.37:891][  0]LogInit: User: mtgri
[2020.01.09-19.30.37:891][  0]LogInit: CPU Page size=4096, Cores=4
[2020.01.09-19.30.37:891][  0]LogInit: High frequency timer resolution =10.000000 MHz
[2020.01.09-19.30.37:891][  0]LogMemory: Memory total: Physical=15.8GB (16GB approx)
[2020.01.09-19.30.37:891][  0]LogMemory: Platform Memory Stats for Windows
[2020.01.09-19.30.37:891][  0]LogMemory: Process Physical Memory: 105.05 MB used, 105.05 MB peak
[2020.01.09-19.30.37:891][  0]LogMemory: Process Virtual Memory: 100.60 MB used, 100.60 MB peak
[2020.01.09-19.30.37:891][  0]LogMemory: Physical Memory: 4650.25 MB used,  11548.11 MB free, 16198.36 MB total
[2020.01.09-19.30.37:891][  0]LogMemory: Virtual Memory: 5137.46 MB used,  134212592.00 MB free, 134217728.00 MB total
[2020.01.09-19.30.37:897][  0]LogWindows: WindowsPlatformFeatures enabled
[2020.01.09-19.30.38:089][  0]LogInit: Using OS detected language (en-US).
[2020.01.09-19.30.38:089][  0]LogInit: Using OS detected locale (en-US).
[2020.01.09-19.30.38:092][  0]LogTextLocalizationManager: No specific localization for 'en-US' exists, so the 'en' localization will be used.
[2020.01.09-19.30.38:240][  0]LogInit: Setting process to per monitor DPI aware
[2020.01.09-19.30.38:578][  0]LogSlate: New Slate User Created.  User Index 0, Is Virtual User: 0
[2020.01.09-19.30.38:578][  0]LogSlate: Slate User Registered.  User Index 0, Is Virtual User: 0
[2020.01.09-19.30.39:133][  0]LogHMD: Failed to initialize OpenVR with code 110
[2020.01.09-19.30.39:133][  0]LogD3D11RHI: D3D11 min allowed feature level: 11_0
[2020.01.09-19.30.39:133][  0]LogD3D11RHI: D3D11 max allowed feature level: 11_0
[2020.01.09-19.30.39:133][  0]LogD3D11RHI: D3D11 adapters:
[2020.01.09-19.30.39:789][  0]LogD3D11RHI:    0. 'NVIDIA GeForce GTX 1050 with Max-Q Design' (Feature Level 11_0)
[2020.01.09-19.30.39:790][  0]LogD3D11RHI:       1979/0/8099 MB DedicatedVideo/DedicatedSystem/SharedSystem, Outputs:1, VendorId:0x10de
[2020.01.09-19.30.39:842][  0]LogD3D11RHI:    1. 'Intel(R) UHD Graphics 620' (Feature Level 11_0)
[2020.01.09-19.30.39:842][  0]LogD3D11RHI:       128/0/8099 MB DedicatedVideo/DedicatedSystem/SharedSystem, Outputs:0, VendorId:0x8086
[2020.01.09-19.30.40:045][  0]LogD3D11RHI:    2. 'Microsoft Basic Render Driver' (Feature Level 11_0)
[2020.01.09-19.30.40:045][  0]LogD3D11RHI:       0/0/8099 MB DedicatedVideo/DedicatedSystem/SharedSystem, Outputs:0, VendorId:0x1414
[2020.01.09-19.30.40:045][  0]LogD3D11RHI: Chosen D3D11 Adapter: 0
[2020.01.09-19.30.40:105][  0]LogD3D11RHI: Creating new Direct3DDevice
[2020.01.09-19.30.40:105][  0]LogD3D11RHI:     GPU DeviceId: 0x1c8d (for the marketing name, search the web for "GPU Device Id")
[2020.01.09-19.30.40:105][  0]LogWindows: EnumDisplayDevices:
[2020.01.09-19.30.40:105][  0]LogWindows:    0. 'Intel(R) UHD Graphics 620' (P:1 D:1)
[2020.01.09-19.30.40:106][  0]LogWindows:    1. 'Intel(R) UHD Graphics 620' (P:0 D:0)
[2020.01.09-19.30.40:107][  0]LogWindows:    2. 'Intel(R) UHD Graphics 620' (P:0 D:0)
[2020.01.09-19.30.40:107][  0]LogWindows: DebugString: PrimaryIsNotTheChoosenAdapter PrimaryIsNotTheChoosenAdapter PrimaryIsNotTheChoosenAdapter FoundDriverCount:0 
[2020.01.09-19.30.40:107][  0]LogD3D11RHI:     Adapter Name: NVIDIA GeForce GTX 1050 with Max-Q Design
[2020.01.09-19.30.40:107][  0]LogD3D11RHI:   Driver Version: Unknown (internal:Unknown, unified:Unknown)
[2020.01.09-19.30.40:107][  0]LogD3D11RHI:      Driver Date: Unknown
[2020.01.09-19.30.40:107][  0]LogRHI: Texture pool is 1385 MB (70% of 1979 MB)
[2020.01.09-19.30.40:214][  0]LogD3D11RHI: RHI has support for 64 bit atomics
[2020.01.09-19.30.40:214][  0]LogD3D11RHI: Async texture creation enabled
[2020.01.09-19.30.40:242][  0]LogD3D11RHI: GPU Timing Frequency: 1000.000000 (Debug: 2 1)
[2020.01.09-19.30.41:163][  0]LogTargetPlatformManager: Display: Loaded TargetPlatform 'AllDesktop'
[2020.01.09-19.30.41:232][  0]LogTargetPlatformManager: Display: Loaded TargetPlatform 'Android'
[2020.01.09-19.30.41:232][  0]LogTargetPlatformManager: Display: Loaded TargetPlatform 'Android_ASTC'
[2020.01.09-19.30.41:232][  0]LogTargetPlatformManager: Display: Loaded TargetPlatform 'Android_ATC'
[2020.01.09-19.30.41:232][  0]LogTargetPlatformManager: Display: Loaded TargetPlatform 'Android_DXT'
[2020.01.09-19.30.41:232][  0]LogTargetPlatformManager: Display: Loaded TargetPlatform 'Android_ETC1'
[2020.01.09-19.30.41:232][  0]LogTargetPlatformManager: Display: Loaded TargetPlatform 'Android_ETC1a'
[2020.01.09-19.30.41:232][  0]LogTargetPlatformManager: Display: Loaded TargetPlatform 'Android_ETC2'
[2020.01.09-19.30.41:232][  0]LogTargetPlatformManager: Display: Loaded TargetPlatform 'Android_PVRTC'
[2020.01.09-19.30.41:232][  0]LogTargetPlatformManager: Display: Loaded TargetPlatform 'AndroidClient'
[2020.01.09-19.30.41:232][  0]LogTargetPlatformManager: Display: Loaded TargetPlatform 'Android_ASTCClient'
[2020.01.09-19.30.41:232][  0]LogTargetPlatformManager: Display: Loaded TargetPlatform 'Android_ATCClient'
[2020.01.09-19.30.41:232][  0]LogTargetPlatformManager: Display: Loaded TargetPlatform 'Android_DXTClient'
[2020.01.09-19.30.41:232][  0]LogTargetPlatformManager: Display: Loaded TargetPlatform 'Android_ETC1Client'
[2020.01.09-19.30.41:232][  0]LogTargetPlatformManager: Display: Loaded TargetPlatform 'Android_ETC1aClient'
[2020.01.09-19.30.41:232][  0]LogTargetPlatformManager: Display: Loaded TargetPlatform 'Android_ETC2Client'
[2020.01.09-19.30.41:232][  0]LogTargetPlatformManager: Display: Loaded TargetPlatform 'Android_PVRTCClient'
[2020.01.09-19.30.41:232][  0]LogTargetPlatformManager: Display: Loaded TargetPlatform 'Android_Multi'
[2020.01.09-19.30.41:232][  0]LogTargetPlatformManager: Display: Loaded TargetPlatform 'Android_MultiClient'
[2020.01.09-19.30.41:278][  0]LogTargetPlatformManager: Display: Loaded TargetPlatform 'IOSClient'
[2020.01.09-19.30.41:278][  0]LogTargetPlatformManager: Display: Loaded TargetPlatform 'IOS'
[2020.01.09-19.30.41:296][  0]LogTargetPlatformManager: Display: Loaded TargetPlatform 'LinuxNoEditor'
[2020.01.09-19.30.41:314][  0]LogTargetPlatformManager: Display: Loaded TargetPlatform 'LinuxClient'
[2020.01.09-19.30.41:332][  0]LogTargetPlatformManager: Display: Loaded TargetPlatform 'LinuxServer'
[2020.01.09-19.30.41:350][  0]LogTargetPlatformManager: Display: Loaded TargetPlatform 'LinuxAArch64NoEditor'
[2020.01.09-19.30.41:369][  0]LogTargetPlatformManager: Display: Loaded TargetPlatform 'LinuxAArch64Client'
[2020.01.09-19.30.41:387][  0]LogTargetPlatformManager: Display: Loaded TargetPlatform 'LinuxAArch64Server'
[2020.01.09-19.30.41:444][  0]LogTargetPlatformManager: Display: Loaded TargetPlatform 'Lumin'
[2020.01.09-19.30.41:444][  0]LogTargetPlatformManager: Display: Loaded TargetPlatform 'LuminClient'
[2020.01.09-19.30.41:478][  0]LogTargetPlatformManager: Display: Loaded TargetPlatform 'TVOSClient'
[2020.01.09-19.30.41:478][  0]LogTargetPlatformManager: Display: Loaded TargetPlatform 'TVOS'
[2020.01.09-19.30.41:497][  0]LogTargetPlatformManager: Display: Loaded TargetPlatform 'WindowsNoEditor'
[2020.01.09-19.30.41:516][  0]LogTargetPlatformManager: Display: Loaded TargetPlatform 'Windows'
[2020.01.09-19.30.41:534][  0]LogTargetPlatformManager: Display: Loaded TargetPlatform 'WindowsClient'
[2020.01.09-19.30.41:551][  0]LogTargetPlatformManager: Display: Loaded TargetPlatform 'WindowsServer'
[2020.01.09-19.30.41:552][  0]LogTargetPlatformManager: Display: Building Assets For Windows
[2020.01.09-19.30.41:568][  0]LogAudioDebug: Display: Lib vorbis DLL was dynamically loaded.
[2020.01.09-19.30.41:658][  0]LogShaderCompilers: Guid format shader working directory is -29 characters bigger than the processId version (../../../../../../Users/mtgri/Documents/GitHub/UnrealExample/TP_Platformer/Intermediate/Shaders/WorkingDirectory/16128/).
[2020.01.09-19.30.41:659][  0]LogShaderCompilers: Cleaned the shader compiler working directory 'C:/Users/mtgri/AppData/Local/Temp/UnrealShaderWorkingDir/685CDD76445C9DCE81E974878097CD8A/'.
[2020.01.09-19.30.41:660][  0]LogXGEController: Cleaning working directory: C:/Users/mtgri/AppData/Local/Temp/UnrealXGEWorkingDir/
[2020.01.09-19.30.41:661][  0]LogXGEController: Cannot use XGE Controller as Incredibuild is not installed on this machine.
[2020.01.09-19.30.41:661][  0]LogShaderCompilers: Cannot use XGE Shader Compiler as Incredibuild is not installed on this machine.
[2020.01.09-19.30.41:661][  0]LogShaderCompilers: Display: Using Local Shader Compiler.
[2020.01.09-19.30.43:358][  0]LogDerivedDataCache: Display: Max Cache Size: 512 MB
[2020.01.09-19.30.43:400][  0]LogDerivedDataCache: Loaded boot cache 0.04s 78MB C:/Users/mtgri/AppData/Local/UnrealEngine/4.24/DerivedDataCache/Boot.ddc.
[2020.01.09-19.30.43:400][  0]LogDerivedDataCache: Display: Loaded Boot cache: C:/Users/mtgri/AppData/Local/UnrealEngine/4.24/DerivedDataCache/Boot.ddc
[2020.01.09-19.30.43:400][  0]LogDerivedDataCache: FDerivedDataBackendGraph:  Pak pak cache file ../../../../../../Users/mtgri/Documents/GitHub/UnrealExample/TP_Platformer/DerivedDataCache/DDC.ddp not found, will not use a pak cache.
[2020.01.09-19.30.43:400][  0]LogDerivedDataCache: Unable to find inner node Pak for hierarchical cache Hierarchy.
[2020.01.09-19.30.43:400][  0]LogDerivedDataCache: FDerivedDataBackendGraph:  CompressedPak pak cache file ../../../../../../Users/mtgri/Documents/GitHub/UnrealExample/TP_Platformer/DerivedDataCache/Compressed.ddp not found, will not use a pak cache.
[2020.01.09-19.30.43:400][  0]LogDerivedDataCache: Unable to find inner node CompressedPak for hierarchical cache Hierarchy.
[2020.01.09-19.30.43:408][  0]LogDerivedDataCache: Display: Pak cache opened for reading ../../../Engine/DerivedDataCache/Compressed.ddp.
[2020.01.09-19.30.43:409][  0]LogDerivedDataCache: FDerivedDataBackendGraph:  EnterprisePak pak cache file ../../../Enterprise/DerivedDataCache/Compressed.ddp not found, will not use a pak cache.
[2020.01.09-19.30.43:409][  0]LogDerivedDataCache: Unable to find inner node EnterprisePak for hierarchical cache Hierarchy.
[2020.01.09-19.30.43:410][  0]LogDerivedDataCache: Using Local data cache path C:/Users/mtgri/AppData/Local/UnrealEngine/Common/DerivedDataCache: Writable
[2020.01.09-19.30.43:410][  0]LogDerivedDataCache: Shared data cache path not found in *engine.ini, will not use an Shared cache.
[2020.01.09-19.30.43:410][  0]LogDerivedDataCache: Unable to find inner node Shared for hierarchical cache Hierarchy.
[2020.01.09-19.30.43:431][  0]LogMaterial: Verifying Global Shaders for PCD3D_SM5
[2020.01.09-19.30.43:433][  0]LogSlate: Using FreeType 2.10.0
[2020.01.09-19.30.43:433][  0]LogSlate: SlateFontServices - WITH_FREETYPE: 1, WITH_HARFBUZZ: 1
[2020.01.09-19.30.43:490][  0]LogAssetRegistry: FAssetRegistry took 0.0022 seconds to start up
[2020.01.09-19.30.43:753][  0]LogInit: Selected Device Profile: [Windows]
[2020.01.09-19.30.43:914][  0]LogMeshReduction: Using QuadricMeshReduction for automatic static mesh reduction
[2020.01.09-19.30.43:914][  0]LogMeshReduction: Using SimplygonMeshReduction for automatic skeletal mesh reduction
[2020.01.09-19.30.43:914][  0]LogMeshReduction: Using ProxyLODMeshReduction for automatic mesh merging
[2020.01.09-19.30.43:914][  0]LogMeshReduction: No distributed automatic mesh merging module available
[2020.01.09-19.30.43:914][  0]LogMeshMerging: No distributed automatic mesh merging module available
[2020.01.09-19.30.43:933][  0]LogNetVersion: TP_Platformer 1.0.0, NetCL: 10570792, EngineNetVer: 13, GameNetVer: 0 (Checksum: 3029111648)
[2020.01.09-19.30.45:027][  0]LogPackageLocalizationCache: Processed 10 localized package path(s) for 1 prioritized culture(s) in 0.034466 seconds
[2020.01.09-19.30.45:034][  0]LogUObjectArray: 46750 objects as part of root set at end of initial load.
[2020.01.09-19.30.45:034][  0]LogUObjectAllocator: 8137160 out of 0 bytes used by permanent object pool.
[2020.01.09-19.30.45:034][  0]LogUObjectArray: CloseDisregardForGC: 0/0 objects in disregard for GC pool
[2020.01.09-19.30.45:607][  0]LogTcpMessaging: Initializing TcpMessaging bridge
[2020.01.09-19.30.45:612][  0]LogUdpMessaging: Initializing bridge on interface 0.0.0.0:0 to multicast group 230.0.0.1:6666.
[2020.01.09-19.30.45:694][  0]SourceControl: Source control is disabled
[2020.01.09-19.30.45:695][  0]SourceControl: Source control is disabled
[2020.01.09-19.30.45:697][  0]SourceControl: Source control is disabled
[2020.01.09-19.30.45:700][  0]SourceControl: Source control is disabled
[2020.01.09-19.30.45:703][  0]SourceControl: Source control is disabled
[2020.01.09-19.30.45:858][  0]LogAndroidPermission: UAndroidPermissionCallbackProxy::GetInstance
[2020.01.09-19.30.45:887][  0]LogAudioCaptureCore: Display: No Audio Capture implementations found. Audio input will be silent.
[2020.01.09-19.30.45:887][  0]LogAudioCaptureCore: Display: No Audio Capture implementations found. Audio input will be silent.
[2020.01.09-19.30.46:008][  0]LogOcInput: OculusInput pre-init called
[2020.01.09-19.30.46:021][  0]LogWindows: Failed to load 'OVRPlugin.dll' (GetLastError=126)
[2020.01.09-19.30.46:021][  0]LogWindows: File 'OVRPlugin.dll' does not exist
[2020.01.09-19.30.46:100][  0]LogEngine: Initializing Engine...
[2020.01.09-19.30.46:101][  0]LogHMD: Failed to initialize OpenVR with code 110
[2020.01.09-19.30.46:102][  0]LogStats: UGameplayTagsManager::InitializeManager -  0.000 s
[2020.01.09-19.30.46:403][  0]LogInit: Initializing FReadOnlyCVARCache
[2020.01.09-19.30.46:411][  0]LogAIModule: Creating AISystem for world Untitled
[2020.01.09-19.30.46:425][  0]LogAudioMixer: Display: Audio Mixer Platform Settings:
[2020.01.09-19.30.46:425][  0]LogAudioMixer: Display: 	Sample Rate:						  48000
[2020.01.09-19.30.46:425][  0]LogAudioMixer: Display: 	Callback Buffer Frame Size Requested: 1024
[2020.01.09-19.30.46:425][  0]LogAudioMixer: Display: 	Callback Buffer Frame Size To Use:	  1024
[2020.01.09-19.30.46:425][  0]LogAudioMixer: Display: 	Number of buffers to queue:			  2
[2020.01.09-19.30.46:425][  0]LogAudioMixer: Display: 	Max Channels (voices):				  32
[2020.01.09-19.30.46:425][  0]LogAudioMixer: Display: 	Number of Async Source Workers:		  0
[2020.01.09-19.30.46:425][  0]LogAudio: Display: AudioDevice MaxSources: 32
[2020.01.09-19.30.46:425][  0]LogAudio: Display: Using built-in audio occlusion.
[2020.01.09-19.30.46:426][  0]LogAudioMixer: Display: Initializing audio mixer.
[2020.01.09-19.30.46:452][  0]LogAudioMixer: Display: Audio Device Output Speaker Info:
[2020.01.09-19.30.46:452][  0]LogAudioMixer: Display: Name: Speakers (Realtek(R) Audio)
[2020.01.09-19.30.46:452][  0]LogAudioMixer: Display: Is Default: Yes
[2020.01.09-19.30.46:452][  0]LogAudioMixer: Display: Sample Rate: 48000
[2020.01.09-19.30.46:452][  0]LogAudioMixer: Display: Channel Count Used: 2
[2020.01.09-19.30.46:452][  0]LogAudioMixer: Display: Device Channel Count: 2
[2020.01.09-19.30.46:452][  0]LogAudioMixer: Display: Channel Order:
[2020.01.09-19.30.46:452][  0]LogAudioMixer: Display: 0: FrontLeft
[2020.01.09-19.30.46:452][  0]LogAudioMixer: Display: 1: FrontRight
[2020.01.09-19.30.47:336][  0]LogAudioMixer: Display: Using Audio Device Speakers (Realtek(R) Audio)
[2020.01.09-19.30.47:342][  0]LogInit: FAudioDevice initialized.
[2020.01.09-19.30.47:343][  0]LogNetVersion: Set ProjectVersion to 1.0.0.0. Version Checksum will be recalculated on next use.
[2020.01.09-19.30.47:431][  0]LogDerivedDataCache: Saved boot cache 0.09s 78MB C:/Users/mtgri/AppData/Local/UnrealEngine/4.24/DerivedDataCache/Boot.ddc.
[2020.01.09-19.30.47:432][  0]LogInit: Texture streaming: Enabled
[2020.01.09-19.30.47:473][  0]LogEngineSessionManager: EngineSessionManager initialized
[2020.01.09-19.30.47:474][  0]LogEngineSessionManager: EngineSessionManager sent abnormal shutdown report. Type=Crashed, SessionId={8A7F7DF7-4D8D-6BF1-64C5-BBADCB697DD7}
[2020.01.09-19.30.47:474][  0]LogEditorSessionSummary: Verbose: Initializing EditorSessionSummaryWriter for editor session tracking
[2020.01.09-19.30.47:487][  0]LogEditorSessionSummary: EditorSessionSummaryWriter initialized
[2020.01.09-19.30.47:542][  0]LogInit: Transaction tracking system initialized
[2020.01.09-19.30.47:559][  0]BlueprintLog: New page: Editor Load
[2020.01.09-19.30.47:614][  0]LocalizationService: Localization service is disabled
[2020.01.09-19.30.47:927][  0]LogFileCache: Scanning file cache for directory 'C:/Users/mtgri/Documents/GitHub/UnrealExample/TP_Platformer/Content/' took 0.01s
[2020.01.09-19.30.47:927][  0]LogCook: Display: Max memory allowance for cook 16384mb min free memory 0mb
[2020.01.09-19.30.47:927][  0]LogCook: Display: Mobile HDR setting 1
[2020.01.09-19.30.48:668][  0]SourceControl: Source control is disabled
[2020.01.09-19.30.48:940][  0]LogSlate: Took 0.000391 seconds to synchronously load lazily loaded font '../../../Engine/Content/Slate/Fonts/Roboto-Regular.ttf' (155K)
[2020.01.09-19.31.01:081][  0]LogSlate: Window 'Restore Packages' being destroyed
[2020.01.09-19.31.01:082][  0]LogWindowsTextInputMethodSystem: Display: IME system now deactivated.
[2020.01.09-19.31.01:088][  0]LogWindowsTextInputMethodSystem: Display: IME system now deactivated.
[2020.01.09-19.31.04:315][  0]LogSlate: Window 'Unable to Check Out From Source Control!' being destroyed
[2020.01.09-19.31.04:316][  0]LogWindowsTextInputMethodSystem: Display: IME system now deactivated.
[2020.01.09-19.31.04:323][  0]LogWindowsTextInputMethodSystem: Display: IME system now deactivated.
[2020.01.09-19.31.04:338][  0]Cmd: MAP LOAD FILE="../../../../../../Users/mtgri/Documents/GitHub/UnrealExample/TP_Platformer/Content/ThirdPersonBP/Maps/ThirdPersonExampleMap.umap" TEMPLATE=0 SHOWPROGRESS=1 FEATURELEVEL=3
[2020.01.09-19.31.04:339][  0]LightingResults: New page: Lighting Build
[2020.01.09-19.31.04:340][  0]LogWorld: UWorld::CleanupWorld for Untitled, bSessionEnded=true, bCleanupResources=true
[2020.01.09-19.31.04:340][  0]LogSlate: InvalidateAllWidgets triggered.  All widgets were invalidated
[2020.01.09-19.31.04:340][  0]MapCheck: New page: Map Check
[2020.01.09-19.31.04:340][  0]LightingResults: New page: Lighting Build
[2020.01.09-19.31.04:368][  0]LogUObjectHash: Compacting FUObjectHashTables data took   1.57ms
[2020.01.09-19.31.04:776][  0]LogAIModule: Creating AISystem for world ThirdPersonExampleMap
[2020.01.09-19.31.04:795][  0]LogEditorServer: Finished looking for orphan Actors (0.000 secs)
[2020.01.09-19.31.04:822][  0]LogUObjectHash: Compacting FUObjectHashTables data took   1.90ms
[2020.01.09-19.31.04:822][  0]Cmd: MAP CHECKDEP NOCLEARLOG
[2020.01.09-19.31.04:823][  0]MapCheck: Map check complete: 0 Error(s), 0 Warning(s), took 0.158ms to complete.
[2020.01.09-19.31.04:823][  0]LogFileHelpers: Loading map 'ThirdPersonExampleMap' took 0.484
[2020.01.09-19.31.04:918][  0]LogSlate: Updating window title bar state: overlay mode, drag disabled, window buttons hidden, title bar hidden
[2020.01.09-19.31.04:923][  0]LogSlate: Updating window title bar state: overlay mode, drag disabled, window buttons hidden, title bar hidden
[2020.01.09-19.31.04:929][  0]LogSlate: Updating window title bar state: overlay mode, drag disabled, window buttons hidden, title bar hidden
[2020.01.09-19.31.04:934][  0]LogSlate: Updating window title bar state: overlay mode, drag disabled, window buttons hidden, title bar hidden
[2020.01.09-19.31.04:940][  0]LogCollectionManager: Loaded 0 collections in 0.001699 seconds
[2020.01.09-19.31.04:951][  0]LogFileCache: Scanning file cache for directory 'C:/Users/mtgri/Documents/GitHub/UnrealExample/TP_Platformer/Saved/Collections/' took 0.00s
[2020.01.09-19.31.04:951][  0]LogFileCache: Scanning file cache for directory 'C:/Users/mtgri/Documents/GitHub/UnrealExample/TP_Platformer/Content/Developers/mtgri/Collections/' took 0.00s
[2020.01.09-19.31.04:951][  0]LogFileCache: Scanning file cache for directory 'C:/Users/mtgri/Documents/GitHub/UnrealExample/TP_Platformer/Content/Collections/' took 0.00s
[2020.01.09-19.31.04:951][  0]LogContentBrowser: Native class hierarchy populated in 0.0073 seconds. Added 3015 classes and 717 folders.
[2020.01.09-19.31.04:954][  0]LogContentBrowser: Native class hierarchy updated for 'WidgetCarousel' in 0.0003 seconds. Added 0 classes and 0 folders.
[2020.01.09-19.31.05:038][  0]LogContentBrowser: Native class hierarchy updated for 'AddContentDialog' in 0.0003 seconds. Added 0 classes and 0 folders.
[2020.01.09-19.31.05:043][  0]LogContentBrowser: Native class hierarchy updated for 'SceneOutliner' in 0.0003 seconds. Added 2 classes and 3 folders.
[2020.01.09-19.31.05:095][  0]LogSlate: Took 0.000556 seconds to synchronously load lazily loaded font '../../../Engine/Content/Slate/Fonts/Roboto-Bold.ttf' (160K)
[2020.01.09-19.31.05:101][  0]LogSlate: Took 0.000210 seconds to synchronously load lazily loaded font '../../../Engine/Content/Editor/Slate/Fonts/FontAwesome.ttf' (139K)
[2020.01.09-19.31.05:139][  0]LogRenderer: Reallocating scene render targets to support 940x432 Format 10 NumSamples 1 (Frame:1).
[2020.01.09-19.31.05:297][  0]LogContentBrowser: Native class hierarchy updated for 'HierarchicalLODOutliner' in 0.0009 seconds. Added 0 classes and 0 folders.
[2020.01.09-19.31.05:297][  0]LogLoad: (Engine Initialization) Total time: 30.66 seconds
[2020.01.09-19.31.05:297][  0]LogLoad: (Engine Initialization) Total Blueprint compile time: 0.00 seconds
[2020.01.09-19.31.05:368][  0]LogContentStreaming: Texture pool size now 1000 MB
[2020.01.09-19.31.05:392][  0]LogSlate: Took 0.000170 seconds to synchronously load lazily loaded font '../../../Engine/Content/Slate/Fonts/Roboto-Light.ttf' (167K)
[2020.01.09-19.31.05:524][  1]LogAssetRegistry: Asset discovery search completed in 22.0339 seconds
[2020.01.09-19.31.05:527][  1]LogCollectionManager: Fixed up redirectors for 0 collections in 0.000007 seconds (updated 0 objects)
[2020.01.09-19.31.06:404][ 29]LogSlate: Took 0.000552 seconds to synchronously load lazily loaded font '../../../Engine/Content/Slate/Fonts/Roboto-Light.ttf' (167K)
[2020.01.09-19.31.19:918][380]LogAssetEditorSubsystem: Opening Asset editor for LevelSequence /Game/Sequences/DoorAnim.DoorAnim
[2020.01.09-19.32.10:302][286]LogLinker: Warning: Failed to load '/Game/ThirdPersonBP/Maps/ThirdPersonExampleMap.ThirdPersonExampleMap:PersistentLevel.ThirdPersonExampleMap': Can't resolve asset name
[2020.01.09-19.32.22:507][537]LogAssetEditorSubsystem: Opening Asset editor for LevelScriptBlueprint /Game/ThirdPersonBP/Maps/ThirdPersonExampleMap.ThirdPersonExampleMap:PersistentLevel.ThirdPersonExampleMap
[2020.01.09-19.32.22:767][537]LogContentBrowser: Native class hierarchy updated for 'BlueprintGraph' in 0.0005 seconds. Added 121 classes and 0 folders.
[2020.01.09-19.32.23:455][537]LogSlate: Took 0.000218 seconds to synchronously load lazily loaded font '../../../Engine/Content/Slate/Fonts/Roboto-BoldCondensed.ttf' (158K)
[2020.01.09-19.32.32:461][639]LogSlate: Window 'Sequencer' being destroyed
[2020.01.09-19.32.32:464][639]LogSlate: Window 'Sequencer' being destroyed
[2020.01.09-19.32.44:957][840]LogSlate: Took 0.000259 seconds to synchronously load lazily loaded font '../../../Engine/Content/Slate/Fonts/Roboto-Italic.ttf' (157K)
[2020.01.09-19.33.38:499][990]BlueprintLog: New page: Compile ThirdPersonExampleMap
[2020.01.09-19.33.38:716][990]LogUObjectHash: Compacting FUObjectHashTables data took   2.97ms
[2020.01.09-19.33.39:837][ 15]LogUObjectHash: Compacting FUObjectHashTables data took   2.12ms
[2020.01.09-19.33.40:047][ 15]LogSavePackage: Moving '../../../../../../Users/mtgri/Documents/GitHub/UnrealExample/TP_Platformer/Saved/ThirdPersonExampleMap94CA1E7349D3974464D658B83D4B33B4.tmp' to '../../../../../../Users/mtgri/Documents/GitHub/UnrealExample/TP_Platformer/Content/ThirdPersonBP/Maps/ThirdPersonExampleMap.umap'
[2020.01.09-19.33.40:068][ 15]LogFileHelpers: Saving map 'ThirdPersonExampleMap' took 0.260
[2020.01.09-19.33.40:085][ 15]AssetCheck: New page: Asset Save: ThirdPersonExampleMap
[2020.01.09-19.33.40:085][ 15]LogContentValidation: Display: Validating World /Game/ThirdPersonBP/Maps/ThirdPersonExampleMap.ThirdPersonExampleMap
[2020.01.09-19.34.01:592][437]LogUObjectHash: Compacting FUObjectHashTables data took   2.56ms
[2020.01.09-19.34.01:788][437]LogSavePackage: Moving '../../../../../../Users/mtgri/Documents/GitHub/UnrealExample/TP_Platformer/Saved/ThirdPersonExampleMapD659811144F8B869D554929A29C77E62.tmp' to '../../../../../../Users/mtgri/Documents/GitHub/UnrealExample/TP_Platformer/Content/ThirdPersonBP/Maps/ThirdPersonExampleMap.umap'
[2020.01.09-19.34.02:240][437]LogSavePackage: Moving '../../../../../../Users/mtgri/Documents/GitHub/UnrealExample/TP_Platformer/Saved/ThirdPersonExampleMap_BuiltData113F3A8845224AF85EE85BB649798F25.tmp' to '../../../../../../Users/mtgri/Documents/GitHub/UnrealExample/TP_Platformer/Content/ThirdPersonBP/Maps/ThirdPersonExampleMap_BuiltData.uasset'
[2020.01.09-19.34.02:255][437]AssetCheck: New page: Asset Save: multiple assets
[2020.01.09-19.34.02:255][437]LogContentValidation: Display: Validating World /Game/ThirdPersonBP/Maps/ThirdPersonExampleMap.ThirdPersonExampleMap
[2020.01.09-19.34.02:255][437]LogContentValidation: Display: Validating MapBuildDataRegistry /Game/ThirdPersonBP/Maps/ThirdPersonExampleMap_BuiltData.ThirdPersonExampleMap_BuiltData
[2020.01.09-19.34.02:748][449]LogTemp: Repeating last play command: Selected Viewport
[2020.01.09-19.34.02:765][449]LogBlueprintUserMessages: Early PlayInEditor Detection: Level '/Game/ThirdPersonBP/Maps/ThirdPersonExampleMap.ThirdPersonExampleMap:PersistentLevel' has LevelScriptBlueprint '/Game/ThirdPersonBP/Maps/ThirdPersonExampleMap.ThirdPersonExampleMap:PersistentLevel.ThirdPersonExampleMap' with GeneratedClass '/Game/ThirdPersonBP/Maps/ThirdPersonExampleMap.ThirdPersonExampleMap_C' with ClassGeneratedBy '/Game/ThirdPersonBP/Maps/ThirdPersonExampleMap.ThirdPersonExampleMap:PersistentLevel.ThirdPersonExampleMap'
[2020.01.09-19.34.02:765][449]LogPlayLevel: PlayLevel: No blueprints needed recompiling
[2020.01.09-19.34.02:766][449]PIE: New page: PIE session: ThirdPersonExampleMap (Jan 9, 2020, 3:34:02 AM)
[2020.01.09-19.34.02:768][449]LogOnline: OSS: Creating online subsystem instance for: NULL
[2020.01.09-19.34.02:769][449]LogOnline: OSS: TryLoadSubsystemAndSetDefault: Loaded subsystem for module [NULL]
[2020.01.09-19.34.02:770][449]LogPlayLevel: Creating play world package: /Game/ThirdPersonBP/Maps/UEDPIE_0_ThirdPersonExampleMap
[2020.01.09-19.34.02:801][449]LogPlayLevel: PIE: StaticDuplicateObject took: (0.031283s)
[2020.01.09-19.34.02:802][449]LogAIModule: Creating AISystem for world ThirdPersonExampleMap
[2020.01.09-19.34.02:803][449]LogPlayLevel: PIE: World Init took: (0.001206s)
[2020.01.09-19.34.02:803][449]LogPlayLevel: PIE: Created PIE world by copying editor world from /Game/ThirdPersonBP/Maps/ThirdPersonExampleMap.ThirdPersonExampleMap to /Game/ThirdPersonBP/Maps/UEDPIE_0_ThirdPersonExampleMap.ThirdPersonExampleMap (0.032923s)
[2020.01.09-19.34.02:842][449]LogUObjectHash: Compacting FUObjectHashTables data took   2.63ms
[2020.01.09-19.34.02:843][449]LogAudioMixer: Display: Audio Mixer Platform Settings:
[2020.01.09-19.34.02:843][449]LogAudioMixer: Display: 	Sample Rate:						  48000
[2020.01.09-19.34.02:843][449]LogAudioMixer: Display: 	Callback Buffer Frame Size Requested: 1024
[2020.01.09-19.34.02:843][449]LogAudioMixer: Display: 	Callback Buffer Frame Size To Use:	  1024
[2020.01.09-19.34.02:843][449]LogAudioMixer: Display: 	Number of buffers to queue:			  2
[2020.01.09-19.34.02:843][449]LogAudioMixer: Display: 	Max Channels (voices):				  32
[2020.01.09-19.34.02:843][449]LogAudioMixer: Display: 	Number of Async Source Workers:		  0
[2020.01.09-19.34.02:843][449]LogAudio: Display: AudioDevice MaxSources: 32
[2020.01.09-19.34.02:844][449]LogAudio: Display: Using built-in audio occlusion.
[2020.01.09-19.34.02:844][449]LogAudioMixer: Display: Initializing audio mixer.
[2020.01.09-19.34.02:850][449]LogAudioMixer: Display: Audio Device Output Speaker Info:
[2020.01.09-19.34.02:850][449]LogAudioMixer: Display: Name: Speakers (Realtek(R) Audio)
[2020.01.09-19.34.02:850][449]LogAudioMixer: Display: Is Default: Yes
[2020.01.09-19.34.02:850][449]LogAudioMixer: Display: Sample Rate: 48000
[2020.01.09-19.34.02:850][449]LogAudioMixer: Display: Channel Count Used: 2
[2020.01.09-19.34.02:850][449]LogAudioMixer: Display: Device Channel Count: 2
[2020.01.09-19.34.02:850][449]LogAudioMixer: Display: Channel Order:
[2020.01.09-19.34.02:850][449]LogAudioMixer: Display: 0: FrontLeft
[2020.01.09-19.34.02:850][449]LogAudioMixer: Display: 1: FrontRight
[2020.01.09-19.34.02:973][449]LogAudioMixer: Display: Using Audio Device Speakers (Realtek(R) Audio)
[2020.01.09-19.34.02:975][449]LogInit: FAudioDevice initialized.
[2020.01.09-19.34.02:987][449]LogLoad: Game class is 'ThirdPersonGameMode_C'
[2020.01.09-19.34.02:989][449]LogWorld: Bringing World /Game/ThirdPersonBP/Maps/UEDPIE_0_ThirdPersonExampleMap.ThirdPersonExampleMap up for play (max tick rate 60) at 2020.01.09-11.34.02
[2020.01.09-19.34.02:989][449]LogWorld: Bringing up level for play took: 0.001939
[2020.01.09-19.34.02:989][449]LogOnline: OSS: Creating online subsystem instance for: :Context_5
[2020.01.09-19.34.02:997][449]LogContentBrowser: Native class hierarchy updated for 'MovieSceneCapture' in 0.0004 seconds. Added 20 classes and 0 folders.
[2020.01.09-19.34.02:998][449]PIE: Play in editor start time for /Game/ThirdPersonBP/Maps/UEDPIE_0_ThirdPersonExampleMap -0.291
[2020.01.09-19.34.02:998][449]LogBlueprintUserMessages: Late PlayInEditor Detection: Level '/Game/ThirdPersonBP/Maps/ThirdPersonExampleMap.ThirdPersonExampleMap:PersistentLevel' has LevelScriptBlueprint '/Game/ThirdPersonBP/Maps/ThirdPersonExampleMap.ThirdPersonExampleMap:PersistentLevel.ThirdPersonExampleMap' with GeneratedClass '/Game/ThirdPersonBP/Maps/ThirdPersonExampleMap.ThirdPersonExampleMap_C' with ClassGeneratedBy '/Game/ThirdPersonBP/Maps/ThirdPersonExampleMap.ThirdPersonExampleMap:PersistentLevel.ThirdPersonExampleMap'
[2020.01.09-19.34.04:584][490]LogAudioMixer: Display: No commands were queued while flushing the source manager.
[2020.01.09-19.34.04:584][490]LogAudioMixer: Display: No commands were queued while flushing the source manager.
[2020.01.09-19.34.04:584][490]LogBlueprintUserMessages: Early EndPlayMap Detection: Level '/Game/ThirdPersonBP/Maps/ThirdPersonExampleMap.ThirdPersonExampleMap:PersistentLevel' has LevelScriptBlueprint '/Game/ThirdPersonBP/Maps/ThirdPersonExampleMap.ThirdPersonExampleMap:PersistentLevel.ThirdPersonExampleMap' with GeneratedClass '/Game/ThirdPersonBP/Maps/ThirdPersonExampleMap.ThirdPersonExampleMap_C' with ClassGeneratedBy '/Game/ThirdPersonBP/Maps/ThirdPersonExampleMap.ThirdPersonExampleMap:PersistentLevel.ThirdPersonExampleMap'
[2020.01.09-19.34.04:584][490]LogSlate: Updating window title bar state: overlay mode, drag disabled, window buttons hidden, title bar hidden
[2020.01.09-19.34.04:584][490]LogWorld: BeginTearingDown for /Game/ThirdPersonBP/Maps/UEDPIE_0_ThirdPersonExampleMap
[2020.01.09-19.34.04:584][490]LogAudioMixer: Display: No commands were queued while flushing the source manager.
[2020.01.09-19.34.04:585][490]LogWorld: UWorld::CleanupWorld for ThirdPersonExampleMap, bSessionEnded=true, bCleanupResources=true
[2020.01.09-19.34.04:585][490]LogSlate: InvalidateAllWidgets triggered.  All widgets were invalidated
[2020.01.09-19.34.04:661][490]LogPlayLevel: Display: Shutting down PIE online subsystems
[2020.01.09-19.34.04:661][490]LogBlueprintUserMessages: Late EndPlayMap Detection: Level '/Game/ThirdPersonBP/Maps/ThirdPersonExampleMap.ThirdPersonExampleMap:PersistentLevel' has LevelScriptBlueprint '/Game/ThirdPersonBP/Maps/ThirdPersonExampleMap.ThirdPersonExampleMap:PersistentLevel.ThirdPersonExampleMap' with GeneratedClass '/Game/ThirdPersonBP/Maps/ThirdPersonExampleMap.ThirdPersonExampleMap_C' with ClassGeneratedBy '/Game/ThirdPersonBP/Maps/ThirdPersonExampleMap.ThirdPersonExampleMap:PersistentLevel.ThirdPersonExampleMap'
[2020.01.09-19.34.04:669][490]LogSlate: InvalidateAllWidgets triggered.  All widgets were invalidated
[2020.01.09-19.34.04:722][490]LogAudioMixer: Display: No commands were queued while flushing the source manager.
[2020.01.09-19.34.04:725][490]LogSlate: Updating window title bar state: overlay mode, drag disabled, window buttons hidden, title bar hidden
[2020.01.09-19.34.04:744][490]LogUObjectHash: Compacting FUObjectHashTables data took   3.74ms
[2020.01.09-19.34.04:767][491]LogPlayLevel: Display: Destroying online subsystem :Context_5
[2020.01.09-19.34.08:408][600]LogEditorViewport: Clicking on Actor (LMB): ThirdPersonCharacter_C (ThirdPersonCharacter)
[2020.01.09-19.34.19:019][890]LogUObjectHash: Compacting FUObjectHashTables data took   2.31ms
[2020.01.09-19.34.19:232][890]LogSavePackage: Moving '../../../../../../Users/mtgri/Documents/GitHub/UnrealExample/TP_Platformer/Saved/ThirdPersonExampleMap37FA24D5462953AF8F000ABE729F4BAE.tmp' to '../../../../../../Users/mtgri/Documents/GitHub/UnrealExample/TP_Platformer/Content/ThirdPersonBP/Maps/ThirdPersonExampleMap.umap'
[2020.01.09-19.34.19:550][890]LogSavePackage: Moving '../../../../../../Users/mtgri/Documents/GitHub/UnrealExample/TP_Platformer/Saved/ThirdPersonExampleMap_BuiltDataECED52F643E5B34A9E99D2B9855106DE.tmp' to '../../../../../../Users/mtgri/Documents/GitHub/UnrealExample/TP_Platformer/Content/ThirdPersonBP/Maps/ThirdPersonExampleMap_BuiltData.uasset'
[2020.01.09-19.34.19:569][890]AssetCheck: New page: Asset Save: multiple assets
[2020.01.09-19.34.19:569][890]LogContentValidation: Display: Validating World /Game/ThirdPersonBP/Maps/ThirdPersonExampleMap.ThirdPersonExampleMap
[2020.01.09-19.34.19:569][890]LogContentValidation: Display: Validating MapBuildDataRegistry /Game/ThirdPersonBP/Maps/ThirdPersonExampleMap_BuiltData.ThirdPersonExampleMap_BuiltData
[2020.01.09-19.34.20:026][900]LogTemp: Repeating last play command: Selected Viewport
[2020.01.09-19.34.20:035][900]LogBlueprintUserMessages: Early PlayInEditor Detection: Level '/Game/ThirdPersonBP/Maps/ThirdPersonExampleMap.ThirdPersonExampleMap:PersistentLevel' has LevelScriptBlueprint '/Game/ThirdPersonBP/Maps/ThirdPersonExampleMap.ThirdPersonExampleMap:PersistentLevel.ThirdPersonExampleMap' with GeneratedClass '/Game/ThirdPersonBP/Maps/ThirdPersonExampleMap.ThirdPersonExampleMap_C' with ClassGeneratedBy '/Game/ThirdPersonBP/Maps/ThirdPersonExampleMap.ThirdPersonExampleMap:PersistentLevel.ThirdPersonExampleMap'
[2020.01.09-19.34.20:035][900]LogPlayLevel: PlayLevel: No blueprints needed recompiling
[2020.01.09-19.34.20:035][900]PIE: New page: PIE session: ThirdPersonExampleMap (Jan 9, 2020, 3:34:20 AM)
[2020.01.09-19.34.20:035][900]LogPlayLevel: Creating play world package: /Game/ThirdPersonBP/Maps/UEDPIE_0_ThirdPersonExampleMap
[2020.01.09-19.34.20:049][900]LogPlayLevel: PIE: StaticDuplicateObject took: (0.013873s)
[2020.01.09-19.34.20:050][900]LogAIModule: Creating AISystem for world ThirdPersonExampleMap
[2020.01.09-19.34.20:050][900]LogPlayLevel: PIE: World Init took: (0.000871s)
[2020.01.09-19.34.20:050][900]LogPlayLevel: PIE: Created PIE world by copying editor world from /Game/ThirdPersonBP/Maps/ThirdPersonExampleMap.ThirdPersonExampleMap to /Game/ThirdPersonBP/Maps/UEDPIE_0_ThirdPersonExampleMap.ThirdPersonExampleMap (0.014881s)
[2020.01.09-19.34.20:081][900]LogUObjectHash: Compacting FUObjectHashTables data took   2.81ms
[2020.01.09-19.34.20:082][900]LogAudioMixer: Display: Audio Mixer Platform Settings:
[2020.01.09-19.34.20:082][900]LogAudioMixer: Display: 	Sample Rate:						  48000
[2020.01.09-19.34.20:082][900]LogAudioMixer: Display: 	Callback Buffer Frame Size Requested: 1024
[2020.01.09-19.34.20:082][900]LogAudioMixer: Display: 	Callback Buffer Frame Size To Use:	  1024
[2020.01.09-19.34.20:082][900]LogAudioMixer: Display: 	Number of buffers to queue:			  2
[2020.01.09-19.34.20:082][900]LogAudioMixer: Display: 	Max Channels (voices):				  32
[2020.01.09-19.34.20:082][900]LogAudioMixer: Display: 	Number of Async Source Workers:		  0
[2020.01.09-19.34.20:082][900]LogAudio: Display: AudioDevice MaxSources: 32
[2020.01.09-19.34.20:083][900]LogAudio: Display: Using built-in audio occlusion.
[2020.01.09-19.34.20:083][900]LogAudioMixer: Display: Initializing audio mixer.
[2020.01.09-19.34.20:090][900]LogAudioMixer: Display: Audio Device Output Speaker Info:
[2020.01.09-19.34.20:090][900]LogAudioMixer: Display: Name: Speakers (Realtek(R) Audio)
[2020.01.09-19.34.20:090][900]LogAudioMixer: Display: Is Default: Yes
[2020.01.09-19.34.20:090][900]LogAudioMixer: Display: Sample Rate: 48000
[2020.01.09-19.34.20:090][900]LogAudioMixer: Display: Channel Count Used: 2
[2020.01.09-19.34.20:090][900]LogAudioMixer: Display: Device Channel Count: 2
[2020.01.09-19.34.20:090][900]LogAudioMixer: Display: Channel Order:
[2020.01.09-19.34.20:090][900]LogAudioMixer: Display: 0: FrontLeft
[2020.01.09-19.34.20:090][900]LogAudioMixer: Display: 1: FrontRight
[2020.01.09-19.34.20:231][900]LogAudioMixer: Display: Using Audio Device Speakers (Realtek(R) Audio)
[2020.01.09-19.34.20:232][900]LogInit: FAudioDevice initialized.
[2020.01.09-19.34.20:241][900]LogLoad: Game class is 'ThirdPersonGameMode_C'
[2020.01.09-19.34.20:244][900]LogWorld: Bringing World /Game/ThirdPersonBP/Maps/UEDPIE_0_ThirdPersonExampleMap.ThirdPersonExampleMap up for play (max tick rate 60) at 2020.01.09-11.34.20
[2020.01.09-19.34.20:244][900]LogWorld: Bringing up level for play took: 0.001816
[2020.01.09-19.34.20:244][900]LogOnline: OSS: Creating online subsystem instance for: :Context_6
[2020.01.09-19.34.20:248][900]PIE: Play in editor start time for /Game/ThirdPersonBP/Maps/UEDPIE_0_ThirdPersonExampleMap 0.959
[2020.01.09-19.34.20:248][900]LogBlueprintUserMessages: Late PlayInEditor Detection: Level '/Game/ThirdPersonBP/Maps/ThirdPersonExampleMap.ThirdPersonExampleMap:PersistentLevel' has LevelScriptBlueprint '/Game/ThirdPersonBP/Maps/ThirdPersonExampleMap.ThirdPersonExampleMap:PersistentLevel.ThirdPersonExampleMap' with GeneratedClass '/Game/ThirdPersonBP/Maps/ThirdPersonExampleMap.ThirdPersonExampleMap_C' with ClassGeneratedBy '/Game/ThirdPersonBP/Maps/ThirdPersonExampleMap.ThirdPersonExampleMap:PersistentLevel.ThirdPersonExampleMap'
[2020.01.09-19.35.06:434][286]LogAudioMixer: Display: No commands were queued while flushing the source manager.
[2020.01.09-19.35.06:435][286]LogAudioMixer: Display: No commands were queued while flushing the source manager.
[2020.01.09-19.35.06:435][286]LogBlueprintUserMessages: Early EndPlayMap Detection: Level '/Game/ThirdPersonBP/Maps/ThirdPersonExampleMap.ThirdPersonExampleMap:PersistentLevel' has LevelScriptBlueprint '/Game/ThirdPersonBP/Maps/ThirdPersonExampleMap.ThirdPersonExampleMap:PersistentLevel.ThirdPersonExampleMap' with GeneratedClass '/Game/ThirdPersonBP/Maps/ThirdPersonExampleMap.ThirdPersonExampleMap_C' with ClassGeneratedBy '/Game/ThirdPersonBP/Maps/ThirdPersonExampleMap.ThirdPersonExampleMap:PersistentLevel.ThirdPersonExampleMap'
[2020.01.09-19.35.06:435][286]LogSlate: Updating window title bar state: overlay mode, drag disabled, window buttons hidden, title bar hidden
[2020.01.09-19.35.06:435][286]LogWorld: BeginTearingDown for /Game/ThirdPersonBP/Maps/UEDPIE_0_ThirdPersonExampleMap
[2020.01.09-19.35.06:435][286]LogAudioMixer: Display: No commands were queued while flushing the source manager.
[2020.01.09-19.35.06:435][286]LogWorld: UWorld::CleanupWorld for ThirdPersonExampleMap, bSessionEnded=true, bCleanupResources=true
[2020.01.09-19.35.06:436][286]LogSlate: InvalidateAllWidgets triggered.  All widgets were invalidated
[2020.01.09-19.35.06:558][286]LogPlayLevel: Display: Shutting down PIE online subsystems
[2020.01.09-19.35.06:558][286]LogBlueprintUserMessages: Late EndPlayMap Detection: Level '/Game/ThirdPersonBP/Maps/ThirdPersonExampleMap.ThirdPersonExampleMap:PersistentLevel' has LevelScriptBlueprint '/Game/ThirdPersonBP/Maps/ThirdPersonExampleMap.ThirdPersonExampleMap:PersistentLevel.ThirdPersonExampleMap' with GeneratedClass '/Game/ThirdPersonBP/Maps/ThirdPersonExampleMap.ThirdPersonExampleMap_C' with ClassGeneratedBy '/Game/ThirdPersonBP/Maps/ThirdPersonExampleMap.ThirdPersonExampleMap:PersistentLevel.ThirdPersonExampleMap'
[2020.01.09-19.35.06:564][286]LogSlate: InvalidateAllWidgets triggered.  All widgets were invalidated
[2020.01.09-19.35.06:593][286]LogAudioMixer: Display: No commands were queued while flushing the source manager.
[2020.01.09-19.35.06:596][286]LogSlate: Updating window title bar state: overlay mode, drag disabled, window buttons hidden, title bar hidden
[2020.01.09-19.35.06:600][286]LogUObjectHash: Compacting FUObjectHashTables data took   2.50ms
[2020.01.09-19.35.06:615][287]LogPlayLevel: Display: Destroying online subsystem :Context_6
[2020.01.09-19.36.08:254][ 91]LogD3D11RHI: Timed out while waiting for GPU to catch up. (0.5 s) (ErrorCode 00000001)
[2020.01.09-19.36.13:254][ 92]LogD3D11RHI: GetQueryData is taking a very long time (5.0 s)
[2020.01.09-19.36.18:256][ 92]LogD3D11RHI: GetQueryData is taking a very long time (10.0 s)
[2020.01.09-19.36.23:255][ 92]LogD3D11RHI: GetQueryData is taking a very long time (15.0 s)
[2020.01.09-19.36.28:255][ 92]LogD3D11RHI: GetQueryData is taking a very long time (20.0 s)
[2020.01.09-19.36.33:255][ 92]LogD3D11RHI: GetQueryData is taking a very long time (25.0 s)
[2020.01.09-19.36.38:255][ 92]LogD3D11RHI: GetQueryData is taking a very long time (30.0 s)
[2020.01.09-19.36.38:255][ 92]LogD3D11RHI: Timed out while waiting for GPU to catch up. (30.0 s) (ErrorCode 00000001)
[2020.01.09-19.36.38:261][ 92]LogWindows: Windows GetLastError: The operation completed successfully. (0)
[2020.01.09-19.36.39:334][ 92]LogOutputDevice: Warning: 

Script Stack (0 frames):

[2020.01.09-19.36.39:334][ 92]LogWindows: Windows GetLastError: The operation completed successfully. (0)
[2020.01.09-19.36.39:335][ 92]LogWindows: Error: === Critical error: ===
[2020.01.09-19.36.39:335][ 92]LogWindows: Error: 
[2020.01.09-19.36.39:335][ 92]LogWindows: Error: Fatal error: [File:D:/Build/++UE4/Sync/Engine/Source/Runtime/RenderCore/Private/RenderingThread.cpp] [Line: 853] 
[2020.01.09-19.36.39:335][ 92]LogWindows: Error: Rendering thread exception:
[2020.01.09-19.36.39:335][ 92]LogWindows: Error: Assertion failed: GD3D11RHI->GetQueryData(Query->Resource, &Query->Result, sizeof(Query->Result), Query->QueryType, true, false) [File:D:/Build/++UE4/Sync/Engine/Source/Runtime/Windows/D3D11RHI/Private/D3D11Query.cpp] [Line: 45] 
[2020.01.09-19.36.39:335][ 92]LogWindows: Error: 
[2020.01.09-19.36.39:335][ 92]LogWindows: Error: 
[2020.01.09-19.36.39:335][ 92]LogWindows: Error: 
[2020.01.09-19.36.39:335][ 92]LogWindows: Error: [Callstack] 0x00007ffbb574a839 KERNELBASE.dll!UnknownFunction []
[2020.01.09-19.36.39:335][ 92]LogWindows: Error: [Callstack] 0x00007ffb5c19a9e6 UE4Editor-Core.dll!UnknownFunction []
[2020.01.09-19.36.39:335][ 92]LogWindows: Error: [Callstack] 0x00007ffb5c19de88 UE4Editor-Core.dll!UnknownFunction []
[2020.01.09-19.36.39:335][ 92]LogWindows: Error: [Callstack] 0x00007ffb5bf52cbd UE4Editor-Core.dll!UnknownFunction []
[2020.01.09-19.36.39:335][ 92]LogWindows: Error: [Callstack] 0x00007ffb5bedfd83 UE4Editor-Core.dll!UnknownFunction []
[2020.01.09-19.36.39:335][ 92]LogWindows: Error: [Callstack] 0x00007ffb5bee2100 UE4Editor-Core.dll!UnknownFunction []
[2020.01.09-19.36.39:335][ 92]LogWindows: Error: [Callstack] 0x00007ffb408a595d UE4Editor-D3D11RHI.dll!UnknownFunction []
[2020.01.09-19.36.39:335][ 92]LogWindows: Error: [Callstack] 0x00007ffb408b4619 UE4Editor-D3D11RHI.dll!UnknownFunction []
[2020.01.09-19.36.39:335][ 92]LogWindows: Error: [Callstack] 0x00007ffb7ae241af UE4Editor-RHI.dll!UnknownFunction []
[2020.01.09-19.36.39:335][ 92]LogWindows: Error: [Callstack] 0x00007ff649fe9dcd UE4Editor.exe!UnknownFunction []
[2020.01.09-19.36.39:335][ 92]LogWindows: Error: [Callstack] 0x00007ffb5bd29ff2 UE4Editor-Core.dll!UnknownFunction []
[2020.01.09-19.36.39:335][ 92]LogWindows: Error: [Callstack] 0x00007ffb5bd2a393 UE4Editor-Core.dll!UnknownFunction []
[2020.01.09-19.36.39:335][ 92]LogWindows: Error: [Callstack] 0x00007ffb714e5391 UE4Editor-RenderCore.dll!UnknownFunction []
[2020.01.09-19.36.39:335][ 92]LogWindows: Error: [Callstack] 0x00007ffb714ee254 UE4Editor-RenderCore.dll!UnknownFunction []
[2020.01.09-19.36.39:335][ 92]LogWindows: Error: [Callstack] 0x00007ffb5c1a384f UE4Editor-Core.dll!UnknownFunction []
[2020.01.09-19.36.39:335][ 92]LogWindows: Error: [Callstack] 0x00007ffb5c1a3684 UE4Editor-Core.dll!UnknownFunction []
[2020.01.09-19.36.39:335][ 92]LogWindows: Error: [Callstack] 0x00007ffbb6907bd4 KERNEL32.DLL!UnknownFunction []
[2020.01.09-19.36.39:335][ 92]LogWindows: Error: [Callstack] 0x00007ffbb874ced1 ntdll.dll!UnknownFunction []
[2020.01.09-19.36.39:335][ 92]LogWindows: Error: 
[2020.01.09-19.36.39:335][ 92]LogWindows: Error: 
[2020.01.09-19.36.39:335][ 92]LogWindows: Error: 
[2020.01.09-19.36.39:335][ 92]LogWindows: Error: 
[2020.01.09-19.36.39:346][ 92]LogExit: Executing StaticShutdownAfterError
[2020.01.09-19.36.39:350][ 92]LogWindows: FPlatformMisc::RequestExit(1)
[2020.01.09-19.36.39:350][ 92]LogCore: Engine exit requested (reason: Win RequestExit)
[2020.01.09-19.36.39:362][ 92]Log file closed, 01/09/20 11:36:39
